This file contains any messages produced by compilers while
running configure, to aid debugging if configure makes a mistake.

It was created by Iperf configure 2.0.10, which was
generated by GNU Autoconf 2.69.  Invocation command line was

  $ ./configure 

## --------- ##
## Platform. ##
## --------- ##

hostname = Thinksta
uname -m = x86_64
uname -r = 4.15.0-46-generic
uname -s = Linux
uname -v = #49-Ubuntu SMP Wed Feb 6 09:33:07 UTC 2019

/usr/bin/uname -p = unknown
/bin/uname -X     = unknown

/bin/arch              = unknown
/usr/bin/arch -k       = unknown
/usr/convex/getsysinfo = unknown
/usr/bin/hostinfo      = unknown
/bin/machine           = unknown
/usr/bin/oslevel       = unknown
/bin/universe          = unknown

PATH: /usr/local/cuda-9.0/bin
PATH: /usr/local/sbin
PATH: /usr/local/bin
PATH: /usr/sbin
PATH: /usr/bin
PATH: /sbin
PATH: /bin
PATH: /snap/bin


## ----------- ##
## Core tests. ##
## ----------- ##

configure:2616: checking for a BSD-compatible install
configure:2684: result: /usr/bin/install -c
configure:2695: checking whether build environment is sane
configure:2750: result: yes
configure:2901: checking for a thread-safe mkdir -p
configure:2940: result: /bin/mkdir -p
configure:2947: checking for gawk
configure:2963: found /usr/bin/gawk
configure:2974: result: gawk
configure:2985: checking whether make sets $(MAKE)
configure:3007: result: yes
configure:3036: checking whether make supports nested variables
configure:3053: result: yes
configure:3181: checking whether to enable maintainer-specific portions of Makefiles
configure:3190: result: no
configure:3342: checking for g++
configure:3358: found /usr/bin/g++
configure:3369: result: g++
configure:3396: checking for C++ compiler version
configure:3405: g++ --version >&5
g++ (Ubuntu 7.3.0-27ubuntu1~18.04) 7.3.0
Copyright (C) 2017 Free Software Foundation, Inc.
This is free software; see the source for copying conditions.  There is NO
warranty; not even for MERCHANTABILITY or FITNESS FOR A PARTICULAR PURPOSE.

configure:3416: $? = 0
configure:3405: g++ -v >&5
Using built-in specs.
COLLECT_GCC=g++
COLLECT_LTO_WRAPPER=/usr/lib/gcc/x86_64-linux-gnu/7/lto-wrapper
OFFLOAD_TARGET_NAMES=nvptx-none
OFFLOAD_TARGET_DEFAULT=1
Target: x86_64-linux-gnu
Configured with: ../src/configure -v --with-pkgversion='Ubuntu 7.3.0-27ubuntu1~18.04' --with-bugurl=file:///usr/share/doc/gcc-7/README.Bugs --enable-languages=c,ada,c++,go,brig,d,fortran,objc,obj-c++ --prefix=/usr --with-gcc-major-version-only --program-suffix=-7 --program-prefix=x86_64-linux-gnu- --enable-shared --enable-linker-build-id --libexecdir=/usr/lib --without-included-gettext --enable-threads=posix --libdir=/usr/lib --enable-nls --with-sysroot=/ --enable-clocale=gnu --enable-libstdcxx-debug --enable-libstdcxx-time=yes --with-default-libstdcxx-abi=new --enable-gnu-unique-object --disable-vtable-verify --enable-libmpx --enable-plugin --enable-default-pie --with-system-zlib --with-target-system-zlib --enable-objc-gc=auto --enable-multiarch --disable-werror --with-arch-32=i686 --with-abi=m64 --with-multilib-list=m32,m64,mx32 --enable-multilib --with-tune=generic --enable-offload-targets=nvptx-none --without-cuda-driver --enable-checking=release --build=x86_64-linux-gnu --host=x86_64-linux-gnu --target=x86_64-linux-gnu
Thread model: posix
gcc version 7.3.0 (Ubuntu 7.3.0-27ubuntu1~18.04) 
configure:3416: $? = 0
configure:3405: g++ -V >&5
g++: error: unrecognized command line option '-V'
g++: fatal error: no input files
compilation terminated.
configure:3416: $? = 1
configure:3405: g++ -qversion >&5
g++: error: unrecognized command line option '-qversion'; did you mean '--version'?
g++: fatal error: no input files
compilation terminated.
configure:3416: $? = 1
configure:3436: checking whether the C++ compiler works
configure:3458: g++    conftest.cpp  >&5
configure:3462: $? = 0
configure:3510: result: yes
configure:3513: checking for C++ compiler default output file name
configure:3515: result: a.out
configure:3521: checking for suffix of executables
configure:3528: g++ -o conftest    conftest.cpp  >&5
configure:3532: $? = 0
configure:3554: result: 
configure:3576: checking whether we are cross compiling
configure:3584: g++ -o conftest    conftest.cpp  >&5
configure:3588: $? = 0
configure:3595: ./conftest
configure:3599: $? = 0
configure:3614: result: no
configure:3619: checking for suffix of object files
configure:3641: g++ -c   conftest.cpp >&5
configure:3645: $? = 0
configure:3666: result: o
configure:3670: checking whether we are using the GNU C++ compiler
configure:3689: g++ -c   conftest.cpp >&5
configure:3689: $? = 0
configure:3698: result: yes
configure:3707: checking whether g++ accepts -g
configure:3727: g++ -c -g  conftest.cpp >&5
configure:3727: $? = 0
configure:3768: result: yes
configure:3802: checking for style of include used by make
configure:3830: result: GNU
configure:3856: checking dependency style of g++
configure:3967: result: gcc3
configure:4031: checking for gcc
configure:4047: found /usr/bin/gcc
configure:4058: result: gcc
configure:4287: checking for C compiler version
configure:4296: gcc --version >&5
gcc (Ubuntu 7.3.0-27ubuntu1~18.04) 7.3.0
Copyright (C) 2017 Free Software Foundation, Inc.
This is free software; see the source for copying conditions.  There is NO
warranty; not even for MERCHANTABILITY or FITNESS FOR A PARTICULAR PURPOSE.

configure:4307: $? = 0
configure:4296: gcc -v >&5
Using built-in specs.
COLLECT_GCC=gcc
COLLECT_LTO_WRAPPER=/usr/lib/gcc/x86_64-linux-gnu/7/lto-wrapper
OFFLOAD_TARGET_NAMES=nvptx-none
OFFLOAD_TARGET_DEFAULT=1
Target: x86_64-linux-gnu
Configured with: ../src/configure -v --with-pkgversion='Ubuntu 7.3.0-27ubuntu1~18.04' --with-bugurl=file:///usr/share/doc/gcc-7/README.Bugs --enable-languages=c,ada,c++,go,brig,d,fortran,objc,obj-c++ --prefix=/usr --with-gcc-major-version-only --program-suffix=-7 --program-prefix=x86_64-linux-gnu- --enable-shared --enable-linker-build-id --libexecdir=/usr/lib --without-included-gettext --enable-threads=posix --libdir=/usr/lib --enable-nls --with-sysroot=/ --enable-clocale=gnu --enable-libstdcxx-debug --enable-libstdcxx-time=yes --with-default-libstdcxx-abi=new --enable-gnu-unique-object --disable-vtable-verify --enable-libmpx --enable-plugin --enable-default-pie --with-system-zlib --with-target-system-zlib --enable-objc-gc=auto --enable-multiarch --disable-werror --with-arch-32=i686 --with-abi=m64 --with-multilib-list=m32,m64,mx32 --enable-multilib --with-tune=generic --enable-offload-targets=nvptx-none --without-cuda-driver --enable-checking=release --build=x86_64-linux-gnu --host=x86_64-linux-gnu --target=x86_64-linux-gnu
Thread model: posix
gcc version 7.3.0 (Ubuntu 7.3.0-27ubuntu1~18.04) 
configure:4307: $? = 0
configure:4296: gcc -V >&5
gcc: error: unrecognized command line option '-V'
gcc: fatal error: no input files
compilation terminated.
configure:4307: $? = 1
configure:4296: gcc -qversion >&5
gcc: error: unrecognized command line option '-qversion'; did you mean '--version'?
gcc: fatal error: no input files
compilation terminated.
configure:4307: $? = 1
configure:4311: checking whether we are using the GNU C compiler
configure:4330: gcc -c   conftest.c >&5
configure:4330: $? = 0
configure:4339: result: yes
configure:4348: checking whether gcc accepts -g
configure:4368: gcc -c -g  conftest.c >&5
configure:4368: $? = 0
configure:4409: result: yes
configure:4426: checking for gcc option to accept ISO C89
configure:4489: gcc  -c -g -O2  conftest.c >&5
configure:4489: $? = 0
configure:4502: result: none needed
configure:4527: checking whether gcc understands -c and -o together
configure:4549: gcc -c conftest.c -o conftest2.o
configure:4552: $? = 0
configure:4549: gcc -c conftest.c -o conftest2.o
configure:4552: $? = 0
configure:4564: result: yes
configure:4583: checking dependency style of gcc
configure:4694: result: gcc3
configure:4711: checking for library containing strerror
configure:4742: gcc -o conftest  -O2    conftest.c  >&5
configure:4742: $? = 0
configure:4759: result: none required
configure:4768: checking whether make sets $(MAKE)
configure:4790: result: yes
configure:4842: checking for ranlib
configure:4858: found /usr/bin/ranlib
configure:4869: result: ranlib
configure:4901: checking build system type
configure:4915: result: x86_64-unknown-linux-gnu
configure:4935: checking host system type
configure:4948: result: x86_64-unknown-linux-gnu
configure:4969: checking for clock_gettime in -lrt
configure:4994: gcc -o conftest  -O2    conftest.c -lrt   >&5
configure:4994: $? = 0
configure:5003: result: yes
configure:5181: checking for the pthreads library -lpthreads
configure:5214: gcc -o conftest  -O2     conftest.c -lpthreads -lrt  >&5
conftest.c: In function 'main':
conftest.c:17:22: warning: null argument where non-null required (argument 1) [-Wnonnull]
                      pthread_attr_init(0); pthread_cleanup_push(0, 0);
                      ^~~~~~~~~~~~~~~~~
conftest.c:18:22: warning: null argument where non-null required (argument 1) [-Wnonnull]
                      pthread_create(0,0,0,0); pthread_cleanup_pop(0);
                      ^~~~~~~~~~~~~~
conftest.c:18:22: warning: null argument where non-null required (argument 3) [-Wnonnull]
/usr/bin/ld: cannot find -lpthreads
collect2: error: ld returned 1 exit status
configure:5214: $? = 1
configure: failed program was:
| /* confdefs.h */
| #define PACKAGE_NAME "Iperf"
| #define PACKAGE_TARNAME "iperf"
| #define PACKAGE_VERSION "2.0.10"
| #define PACKAGE_STRING "Iperf 2.0.10"
| #define PACKAGE_BUGREPORT ""
| #define PACKAGE_URL ""
| #define PACKAGE "iperf"
| #define VERSION "2.0.10"
| #define HAVE_LIBRT 1
| /* end confdefs.h.  */
| #include <pthread.h>
| int
| main ()
| {
| pthread_t th; pthread_join(th, 0);
|                      pthread_attr_init(0); pthread_cleanup_push(0, 0);
|                      pthread_create(0,0,0,0); pthread_cleanup_pop(0);
|   ;
|   return 0;
| }
configure:5223: result: no
configure:5126: checking whether pthreads work without any flags
configure:5214: gcc -o conftest  -O2     conftest.c  -lrt  >&5
conftest.c: In function 'main':
conftest.c:17:22: warning: null argument where non-null required (argument 1) [-Wnonnull]
                      pthread_attr_init(0); pthread_cleanup_push(0, 0);
                      ^~~~~~~~~~~~~~~~~
conftest.c:18:22: warning: null argument where non-null required (argument 1) [-Wnonnull]
                      pthread_create(0,0,0,0); pthread_cleanup_pop(0);
                      ^~~~~~~~~~~~~~
conftest.c:18:22: warning: null argument where non-null required (argument 3) [-Wnonnull]
/tmp/ccnfYofD.o: In function `main':
conftest.c:(.text.startup+0x1a): undefined reference to `pthread_join'
conftest.c:(.text.startup+0x3a): undefined reference to `__pthread_register_cancel'
conftest.c:(.text.startup+0x47): undefined reference to `pthread_create'
conftest.c:(.text.startup+0x4f): undefined reference to `__pthread_unregister_cancel'
collect2: error: ld returned 1 exit status
configure:5214: $? = 1
configure: failed program was:
| /* confdefs.h */
| #define PACKAGE_NAME "Iperf"
| #define PACKAGE_TARNAME "iperf"
| #define PACKAGE_VERSION "2.0.10"
| #define PACKAGE_STRING "Iperf 2.0.10"
| #define PACKAGE_BUGREPORT ""
| #define PACKAGE_URL ""
| #define PACKAGE "iperf"
| #define VERSION "2.0.10"
| #define HAVE_LIBRT 1
| /* end confdefs.h.  */
| #include <pthread.h>
| int
| main ()
| {
| pthread_t th; pthread_join(th, 0);
|                      pthread_attr_init(0); pthread_cleanup_push(0, 0);
|                      pthread_create(0,0,0,0); pthread_cleanup_pop(0);
|   ;
|   return 0;
| }
configure:5223: result: no
configure:5131: checking whether pthreads work with -Kthread
configure:5214: gcc -o conftest  -O2  -Kthread   conftest.c  -lrt  >&5
gcc: error: unrecognized command line option '-Kthread'; did you mean '-pthread'?
configure:5214: $? = 1
configure: failed program was:
| /* confdefs.h */
| #define PACKAGE_NAME "Iperf"
| #define PACKAGE_TARNAME "iperf"
| #define PACKAGE_VERSION "2.0.10"
| #define PACKAGE_STRING "Iperf 2.0.10"
| #define PACKAGE_BUGREPORT ""
| #define PACKAGE_URL ""
| #define PACKAGE "iperf"
| #define VERSION "2.0.10"
| #define HAVE_LIBRT 1
| /* end confdefs.h.  */
| #include <pthread.h>
| int
| main ()
| {
| pthread_t th; pthread_join(th, 0);
|                      pthread_attr_init(0); pthread_cleanup_push(0, 0);
|                      pthread_create(0,0,0,0); pthread_cleanup_pop(0);
|   ;
|   return 0;
| }
configure:5223: result: no
configure:5131: checking whether pthreads work with -kthread
configure:5214: gcc -o conftest  -O2  -kthread   conftest.c  -lrt  >&5
gcc: error: unrecognized command line option '-kthread'; did you mean '-pthread'?
configure:5214: $? = 1
configure: failed program was:
| /* confdefs.h */
| #define PACKAGE_NAME "Iperf"
| #define PACKAGE_TARNAME "iperf"
| #define PACKAGE_VERSION "2.0.10"
| #define PACKAGE_STRING "Iperf 2.0.10"
| #define PACKAGE_BUGREPORT ""
| #define PACKAGE_URL ""
| #define PACKAGE "iperf"
| #define VERSION "2.0.10"
| #define HAVE_LIBRT 1
| /* end confdefs.h.  */
| #include <pthread.h>
| int
| main ()
| {
| pthread_t th; pthread_join(th, 0);
|                      pthread_attr_init(0); pthread_cleanup_push(0, 0);
|                      pthread_create(0,0,0,0); pthread_cleanup_pop(0);
|   ;
|   return 0;
| }
configure:5223: result: no
configure:5181: checking for the pthreads library -llthread
configure:5214: gcc -o conftest  -O2     conftest.c -llthread -lrt  >&5
conftest.c: In function 'main':
conftest.c:17:22: warning: null argument where non-null required (argument 1) [-Wnonnull]
                      pthread_attr_init(0); pthread_cleanup_push(0, 0);
                      ^~~~~~~~~~~~~~~~~
conftest.c:18:22: warning: null argument where non-null required (argument 1) [-Wnonnull]
                      pthread_create(0,0,0,0); pthread_cleanup_pop(0);
                      ^~~~~~~~~~~~~~
conftest.c:18:22: warning: null argument where non-null required (argument 3) [-Wnonnull]
/usr/bin/ld: cannot find -llthread
collect2: error: ld returned 1 exit status
configure:5214: $? = 1
configure: failed program was:
| /* confdefs.h */
| #define PACKAGE_NAME "Iperf"
| #define PACKAGE_TARNAME "iperf"
| #define PACKAGE_VERSION "2.0.10"
| #define PACKAGE_STRING "Iperf 2.0.10"
| #define PACKAGE_BUGREPORT ""
| #define PACKAGE_URL ""
| #define PACKAGE "iperf"
| #define VERSION "2.0.10"
| #define HAVE_LIBRT 1
| /* end confdefs.h.  */
| #include <pthread.h>
| int
| main ()
| {
| pthread_t th; pthread_join(th, 0);
|                      pthread_attr_init(0); pthread_cleanup_push(0, 0);
|                      pthread_create(0,0,0,0); pthread_cleanup_pop(0);
|   ;
|   return 0;
| }
configure:5223: result: no
configure:5131: checking whether pthreads work with -pthread
configure:5214: gcc -o conftest  -O2  -pthread   conftest.c  -lrt  >&5
conftest.c: In function 'main':
conftest.c:17:22: warning: null argument where non-null required (argument 1) [-Wnonnull]
                      pthread_attr_init(0); pthread_cleanup_push(0, 0);
                      ^~~~~~~~~~~~~~~~~
conftest.c:18:22: warning: null argument where non-null required (argument 1) [-Wnonnull]
                      pthread_create(0,0,0,0); pthread_cleanup_pop(0);
                      ^~~~~~~~~~~~~~
conftest.c:18:22: warning: null argument where non-null required (argument 3) [-Wnonnull]
configure:5214: $? = 0
configure:5223: result: yes
configure:5243: checking for joinable pthread attribute
configure:5256: gcc -o conftest  -O2  -pthread   conftest.c  -lrt  >&5
configure:5256: $? = 0
configure:5288: result: PTHREAD_CREATE_JOINABLE
configure:5295: checking if more special flags are required for pthreads
configure:5302: result: no
configure:5314: checking for cc_r
configure:5342: result: gcc
configure:5383: checking for library containing gethostbyname
configure:5414: gcc -o conftest  -O2    conftest.c -lrt  >&5
configure:5414: $? = 0
configure:5431: result: none required
configure:5439: checking for library containing socket
configure:5470: gcc -o conftest  -O2    conftest.c -lrt  >&5
configure:5470: $? = 0
configure:5487: result: none required
configure:5517: checking how to run the C preprocessor
configure:5548: gcc -E  conftest.c
configure:5548: $? = 0
configure:5562: gcc -E  conftest.c
conftest.c:15:10: fatal error: ac_nonexistent.h: No such file or directory
 #include <ac_nonexistent.h>
          ^~~~~~~~~~~~~~~~~~
compilation terminated.
configure:5562: $? = 1
configure: failed program was:
| /* confdefs.h */
| #define PACKAGE_NAME "Iperf"
| #define PACKAGE_TARNAME "iperf"
| #define PACKAGE_VERSION "2.0.10"
| #define PACKAGE_STRING "Iperf 2.0.10"
| #define PACKAGE_BUGREPORT ""
| #define PACKAGE_URL ""
| #define PACKAGE "iperf"
| #define VERSION "2.0.10"
| #define HAVE_LIBRT 1
| #define HAVE_PTHREAD 1
| #define HAVE_POSIX_THREAD 1
| #define _REENTRANT 1
| /* end confdefs.h.  */
| #include <ac_nonexistent.h>
configure:5587: result: gcc -E
configure:5607: gcc -E  conftest.c
configure:5607: $? = 0
configure:5621: gcc -E  conftest.c
conftest.c:15:10: fatal error: ac_nonexistent.h: No such file or directory
 #include <ac_nonexistent.h>
          ^~~~~~~~~~~~~~~~~~
compilation terminated.
configure:5621: $? = 1
configure: failed program was:
| /* confdefs.h */
| #define PACKAGE_NAME "Iperf"
| #define PACKAGE_TARNAME "iperf"
| #define PACKAGE_VERSION "2.0.10"
| #define PACKAGE_STRING "Iperf 2.0.10"
| #define PACKAGE_BUGREPORT ""
| #define PACKAGE_URL ""
| #define PACKAGE "iperf"
| #define VERSION "2.0.10"
| #define HAVE_LIBRT 1
| #define HAVE_PTHREAD 1
| #define HAVE_POSIX_THREAD 1
| #define _REENTRANT 1
| /* end confdefs.h.  */
| #include <ac_nonexistent.h>
configure:5650: checking for grep that handles long lines and -e
configure:5708: result: /bin/grep
configure:5713: checking for egrep
configure:5775: result: /bin/grep -E
configure:5780: checking for ANSI C header files
configure:5800: gcc -c  -O2   conftest.c >&5
configure:5800: $? = 0
configure:5873: gcc -o conftest  -O2    conftest.c -lrt  >&5
configure:5873: $? = 0
configure:5873: ./conftest
configure:5873: $? = 0
configure:5884: result: yes
configure:5897: checking for sys/types.h
configure:5897: gcc -c  -O2   conftest.c >&5
configure:5897: $? = 0
configure:5897: result: yes
configure:5897: checking for sys/stat.h
configure:5897: gcc -c  -O2   conftest.c >&5
configure:5897: $? = 0
configure:5897: result: yes
configure:5897: checking for stdlib.h
configure:5897: gcc -c  -O2   conftest.c >&5
configure:5897: $? = 0
configure:5897: result: yes
configure:5897: checking for string.h
configure:5897: gcc -c  -O2   conftest.c >&5
configure:5897: $? = 0
configure:5897: result: yes
configure:5897: checking for memory.h
configure:5897: gcc -c  -O2   conftest.c >&5
configure:5897: $? = 0
configure:5897: result: yes
configure:5897: checking for strings.h
configure:5897: gcc -c  -O2   conftest.c >&5
configure:5897: $? = 0
configure:5897: result: yes
configure:5897: checking for inttypes.h
configure:5897: gcc -c  -O2   conftest.c >&5
configure:5897: $? = 0
configure:5897: result: yes
configure:5897: checking for stdint.h
configure:5897: gcc -c  -O2   conftest.c >&5
configure:5897: $? = 0
configure:5897: result: yes
configure:5897: checking for unistd.h
configure:5897: gcc -c  -O2   conftest.c >&5
configure:5897: $? = 0
configure:5897: result: yes
configure:5912: checking arpa/inet.h usability
configure:5912: gcc -c  -O2   conftest.c >&5
configure:5912: $? = 0
configure:5912: result: yes
configure:5912: checking arpa/inet.h presence
configure:5912: gcc -E  conftest.c
configure:5912: $? = 0
configure:5912: result: yes
configure:5912: checking for arpa/inet.h
configure:5912: result: yes
configure:5912: checking libintl.h usability
configure:5912: gcc -c  -O2   conftest.c >&5
configure:5912: $? = 0
configure:5912: result: yes
configure:5912: checking libintl.h presence
configure:5912: gcc -E  conftest.c
configure:5912: $? = 0
configure:5912: result: yes
configure:5912: checking for libintl.h
configure:5912: result: yes
configure:5912: checking netdb.h usability
configure:5912: gcc -c  -O2   conftest.c >&5
configure:5912: $? = 0
configure:5912: result: yes
configure:5912: checking netdb.h presence
configure:5912: gcc -E  conftest.c
configure:5912: $? = 0
configure:5912: result: yes
configure:5912: checking for netdb.h
configure:5912: result: yes
configure:5912: checking netinet/in.h usability
configure:5912: gcc -c  -O2   conftest.c >&5
configure:5912: $? = 0
configure:5912: result: yes
configure:5912: checking netinet/in.h presence
configure:5912: gcc -E  conftest.c
configure:5912: $? = 0
configure:5912: result: yes
configure:5912: checking for netinet/in.h
configure:5912: result: yes
configure:5912: checking for stdlib.h
configure:5912: result: yes
configure:5912: checking for string.h
configure:5912: result: yes
configure:5912: checking for strings.h
configure:5912: result: yes
configure:5912: checking sys/socket.h usability
configure:5912: gcc -c  -O2   conftest.c >&5
configure:5912: $? = 0
configure:5912: result: yes
configure:5912: checking sys/socket.h presence
configure:5912: gcc -E  conftest.c
configure:5912: $? = 0
configure:5912: result: yes
configure:5912: checking for sys/socket.h
configure:5912: result: yes
configure:5912: checking sys/time.h usability
configure:5912: gcc -c  -O2   conftest.c >&5
configure:5912: $? = 0
configure:5912: result: yes
configure:5912: checking sys/time.h presence
configure:5912: gcc -E  conftest.c
configure:5912: $? = 0
configure:5912: result: yes
configure:5912: checking for sys/time.h
configure:5912: result: yes
configure:5912: checking syslog.h usability
configure:5912: gcc -c  -O2   conftest.c >&5
configure:5912: $? = 0
configure:5912: result: yes
configure:5912: checking syslog.h presence
configure:5912: gcc -E  conftest.c
configure:5912: $? = 0
configure:5912: result: yes
configure:5912: checking for syslog.h
configure:5912: result: yes
configure:5912: checking for unistd.h
configure:5912: result: yes
configure:5912: checking signal.h usability
configure:5912: gcc -c  -O2   conftest.c >&5
configure:5912: $? = 0
configure:5912: result: yes
configure:5912: checking signal.h presence
configure:5912: gcc -E  conftest.c
configure:5912: $? = 0
configure:5912: result: yes
configure:5912: checking for signal.h
configure:5912: result: yes
configure:5924: checking for an ANSI C-conforming const
configure:5990: gcc -c  -O2   conftest.c >&5
configure:5990: $? = 0
configure:5997: result: yes
configure:6005: checking for size_t
configure:6005: gcc -c  -O2   conftest.c >&5
configure:6005: $? = 0
configure:6005: gcc -c  -O2   conftest.c >&5
conftest.c: In function 'main':
conftest.c:73:21: error: expected expression before ')' token
 if (sizeof ((size_t)))
                     ^
configure:6005: $? = 1
configure: failed program was:
| /* confdefs.h */
| #define PACKAGE_NAME "Iperf"
| #define PACKAGE_TARNAME "iperf"
| #define PACKAGE_VERSION "2.0.10"
| #define PACKAGE_STRING "Iperf 2.0.10"
| #define PACKAGE_BUGREPORT ""
| #define PACKAGE_URL ""
| #define PACKAGE "iperf"
| #define VERSION "2.0.10"
| #define HAVE_LIBRT 1
| #define HAVE_PTHREAD 1
| #define HAVE_POSIX_THREAD 1
| #define _REENTRANT 1
| #define STDC_HEADERS 1
| #define HAVE_SYS_TYPES_H 1
| #define HAVE_SYS_STAT_H 1
| #define HAVE_STDLIB_H 1
| #define HAVE_STRING_H 1
| #define HAVE_MEMORY_H 1
| #define HAVE_STRINGS_H 1
| #define HAVE_INTTYPES_H 1
| #define HAVE_STDINT_H 1
| #define HAVE_UNISTD_H 1
| #define HAVE_ARPA_INET_H 1
| #define HAVE_LIBINTL_H 1
| #define HAVE_NETDB_H 1
| #define HAVE_NETINET_IN_H 1
| #define HAVE_STDLIB_H 1
| #define HAVE_STRING_H 1
| #define HAVE_STRINGS_H 1
| #define HAVE_SYS_SOCKET_H 1
| #define HAVE_SYS_TIME_H 1
| #define HAVE_SYSLOG_H 1
| #define HAVE_UNISTD_H 1
| #define HAVE_SIGNAL_H 1
| /* end confdefs.h.  */
| #include <stdio.h>
| #ifdef HAVE_SYS_TYPES_H
| # include <sys/types.h>
| #endif
| #ifdef HAVE_SYS_STAT_H
| # include <sys/stat.h>
| #endif
| #ifdef STDC_HEADERS
| # include <stdlib.h>
| # include <stddef.h>
| #else
| # ifdef HAVE_STDLIB_H
| #  include <stdlib.h>
| # endif
| #endif
| #ifdef HAVE_STRING_H
| # if !defined STDC_HEADERS && defined HAVE_MEMORY_H
| #  include <memory.h>
| # endif
| # include <string.h>
| #endif
| #ifdef HAVE_STRINGS_H
| # include <strings.h>
| #endif
| #ifdef HAVE_INTTYPES_H
| # include <inttypes.h>
| #endif
| #ifdef HAVE_STDINT_H
| # include <stdint.h>
| #endif
| #ifdef HAVE_UNISTD_H
| # include <unistd.h>
| #endif
| int
| main ()
| {
| if (sizeof ((size_t)))
| 	    return 0;
|   ;
|   return 0;
| }
configure:6005: result: yes
configure:6016: checking for ssize_t
configure:6016: gcc -c  -O2   conftest.c >&5
configure:6016: $? = 0
configure:6016: gcc -c  -O2   conftest.c >&5
conftest.c: In function 'main':
conftest.c:73:22: error: expected expression before ')' token
 if (sizeof ((ssize_t)))
                      ^
configure:6016: $? = 1
configure: failed program was:
| /* confdefs.h */
| #define PACKAGE_NAME "Iperf"
| #define PACKAGE_TARNAME "iperf"
| #define PACKAGE_VERSION "2.0.10"
| #define PACKAGE_STRING "Iperf 2.0.10"
| #define PACKAGE_BUGREPORT ""
| #define PACKAGE_URL ""
| #define PACKAGE "iperf"
| #define VERSION "2.0.10"
| #define HAVE_LIBRT 1
| #define HAVE_PTHREAD 1
| #define HAVE_POSIX_THREAD 1
| #define _REENTRANT 1
| #define STDC_HEADERS 1
| #define HAVE_SYS_TYPES_H 1
| #define HAVE_SYS_STAT_H 1
| #define HAVE_STDLIB_H 1
| #define HAVE_STRING_H 1
| #define HAVE_MEMORY_H 1
| #define HAVE_STRINGS_H 1
| #define HAVE_INTTYPES_H 1
| #define HAVE_STDINT_H 1
| #define HAVE_UNISTD_H 1
| #define HAVE_ARPA_INET_H 1
| #define HAVE_LIBINTL_H 1
| #define HAVE_NETDB_H 1
| #define HAVE_NETINET_IN_H 1
| #define HAVE_STDLIB_H 1
| #define HAVE_STRING_H 1
| #define HAVE_STRINGS_H 1
| #define HAVE_SYS_SOCKET_H 1
| #define HAVE_SYS_TIME_H 1
| #define HAVE_SYSLOG_H 1
| #define HAVE_UNISTD_H 1
| #define HAVE_SIGNAL_H 1
| /* end confdefs.h.  */
| #include <stdio.h>
| #ifdef HAVE_SYS_TYPES_H
| # include <sys/types.h>
| #endif
| #ifdef HAVE_SYS_STAT_H
| # include <sys/stat.h>
| #endif
| #ifdef STDC_HEADERS
| # include <stdlib.h>
| # include <stddef.h>
| #else
| # ifdef HAVE_STDLIB_H
| #  include <stdlib.h>
| # endif
| #endif
| #ifdef HAVE_STRING_H
| # if !defined STDC_HEADERS && defined HAVE_MEMORY_H
| #  include <memory.h>
| # endif
| # include <string.h>
| #endif
| #ifdef HAVE_STRINGS_H
| # include <strings.h>
| #endif
| #ifdef HAVE_INTTYPES_H
| # include <inttypes.h>
| #endif
| #ifdef HAVE_STDINT_H
| # include <stdint.h>
| #endif
| #ifdef HAVE_UNISTD_H
| # include <unistd.h>
| #endif
| int
| main ()
| {
| if (sizeof ((ssize_t)))
| 	    return 0;
|   ;
|   return 0;
| }
configure:6016: result: yes
configure:6031: checking whether time.h and sys/time.h may both be included
configure:6051: gcc -c  -O2   conftest.c >&5
configure:6051: $? = 0
configure:6058: result: yes
configure:6066: checking whether struct tm is in sys/time.h or time.h
configure:6086: gcc -c  -O2   conftest.c >&5
configure:6086: $? = 0
configure:6093: result: time.h
configure:6103: checking for stdint types
configure:6126: gcc -c   conftest.c >&5
configure:6126: $? = 0
configure:6151: result: stdint.h (shortcircuit)
configure:6536: result: make use of stdint.h in include/iperf-int.h (assuming C99 compatible system)
configure:6545: checking 3rd argument of accept
configure:6574: g++ -c  -O2   conftest.cpp >&5
configure:6574: $? = 0
configure:6737: result: socklen_t
configure:6750: checking for pid_t
configure:6750: gcc -c  -O2   conftest.c >&5
configure:6750: $? = 0
configure:6750: gcc -c  -O2   conftest.c >&5
conftest.c: In function 'main':
conftest.c:76:20: error: expected expression before ')' token
 if (sizeof ((pid_t)))
                    ^
configure:6750: $? = 1
configure: failed program was:
| /* confdefs.h */
| #define PACKAGE_NAME "Iperf"
| #define PACKAGE_TARNAME "iperf"
| #define PACKAGE_VERSION "2.0.10"
| #define PACKAGE_STRING "Iperf 2.0.10"
| #define PACKAGE_BUGREPORT ""
| #define PACKAGE_URL ""
| #define PACKAGE "iperf"
| #define VERSION "2.0.10"
| #define HAVE_LIBRT 1
| #define HAVE_PTHREAD 1
| #define HAVE_POSIX_THREAD 1
| #define _REENTRANT 1
| #define STDC_HEADERS 1
| #define HAVE_SYS_TYPES_H 1
| #define HAVE_SYS_STAT_H 1
| #define HAVE_STDLIB_H 1
| #define HAVE_STRING_H 1
| #define HAVE_MEMORY_H 1
| #define HAVE_STRINGS_H 1
| #define HAVE_INTTYPES_H 1
| #define HAVE_STDINT_H 1
| #define HAVE_UNISTD_H 1
| #define HAVE_ARPA_INET_H 1
| #define HAVE_LIBINTL_H 1
| #define HAVE_NETDB_H 1
| #define HAVE_NETINET_IN_H 1
| #define HAVE_STDLIB_H 1
| #define HAVE_STRING_H 1
| #define HAVE_STRINGS_H 1
| #define HAVE_SYS_SOCKET_H 1
| #define HAVE_SYS_TIME_H 1
| #define HAVE_SYSLOG_H 1
| #define HAVE_UNISTD_H 1
| #define HAVE_SIGNAL_H 1
| #define HAVE_SSIZE_T 1
| #define TIME_WITH_SYS_TIME 1
| #define Socklen_t socklen_t
| /* end confdefs.h.  */
| #include <stdio.h>
| #ifdef HAVE_SYS_TYPES_H
| # include <sys/types.h>
| #endif
| #ifdef HAVE_SYS_STAT_H
| # include <sys/stat.h>
| #endif
| #ifdef STDC_HEADERS
| # include <stdlib.h>
| # include <stddef.h>
| #else
| # ifdef HAVE_STDLIB_H
| #  include <stdlib.h>
| # endif
| #endif
| #ifdef HAVE_STRING_H
| # if !defined STDC_HEADERS && defined HAVE_MEMORY_H
| #  include <memory.h>
| # endif
| # include <string.h>
| #endif
| #ifdef HAVE_STRINGS_H
| # include <strings.h>
| #endif
| #ifdef HAVE_INTTYPES_H
| # include <inttypes.h>
| #endif
| #ifdef HAVE_STDINT_H
| # include <stdint.h>
| #endif
| #ifdef HAVE_UNISTD_H
| # include <unistd.h>
| #endif
| int
| main ()
| {
| if (sizeof ((pid_t)))
| 	    return 0;
|   ;
|   return 0;
| }
configure:6750: result: yes
configure:6763: checking vfork.h usability
configure:6763: gcc -c  -O2   conftest.c >&5
conftest.c:73:10: fatal error: vfork.h: No such file or directory
 #include <vfork.h>
          ^~~~~~~~~
compilation terminated.
configure:6763: $? = 1
configure: failed program was:
| /* confdefs.h */
| #define PACKAGE_NAME "Iperf"
| #define PACKAGE_TARNAME "iperf"
| #define PACKAGE_VERSION "2.0.10"
| #define PACKAGE_STRING "Iperf 2.0.10"
| #define PACKAGE_BUGREPORT ""
| #define PACKAGE_URL ""
| #define PACKAGE "iperf"
| #define VERSION "2.0.10"
| #define HAVE_LIBRT 1
| #define HAVE_PTHREAD 1
| #define HAVE_POSIX_THREAD 1
| #define _REENTRANT 1
| #define STDC_HEADERS 1
| #define HAVE_SYS_TYPES_H 1
| #define HAVE_SYS_STAT_H 1
| #define HAVE_STDLIB_H 1
| #define HAVE_STRING_H 1
| #define HAVE_MEMORY_H 1
| #define HAVE_STRINGS_H 1
| #define HAVE_INTTYPES_H 1
| #define HAVE_STDINT_H 1
| #define HAVE_UNISTD_H 1
| #define HAVE_ARPA_INET_H 1
| #define HAVE_LIBINTL_H 1
| #define HAVE_NETDB_H 1
| #define HAVE_NETINET_IN_H 1
| #define HAVE_STDLIB_H 1
| #define HAVE_STRING_H 1
| #define HAVE_STRINGS_H 1
| #define HAVE_SYS_SOCKET_H 1
| #define HAVE_SYS_TIME_H 1
| #define HAVE_SYSLOG_H 1
| #define HAVE_UNISTD_H 1
| #define HAVE_SIGNAL_H 1
| #define HAVE_SSIZE_T 1
| #define TIME_WITH_SYS_TIME 1
| #define Socklen_t socklen_t
| /* end confdefs.h.  */
| #include <stdio.h>
| #ifdef HAVE_SYS_TYPES_H
| # include <sys/types.h>
| #endif
| #ifdef HAVE_SYS_STAT_H
| # include <sys/stat.h>
| #endif
| #ifdef STDC_HEADERS
| # include <stdlib.h>
| # include <stddef.h>
| #else
| # ifdef HAVE_STDLIB_H
| #  include <stdlib.h>
| # endif
| #endif
| #ifdef HAVE_STRING_H
| # if !defined STDC_HEADERS && defined HAVE_MEMORY_H
| #  include <memory.h>
| # endif
| # include <string.h>
| #endif
| #ifdef HAVE_STRINGS_H
| # include <strings.h>
| #endif
| #ifdef HAVE_INTTYPES_H
| # include <inttypes.h>
| #endif
| #ifdef HAVE_STDINT_H
| # include <stdint.h>
| #endif
| #ifdef HAVE_UNISTD_H
| # include <unistd.h>
| #endif
| #include <vfork.h>
configure:6763: result: no
configure:6763: checking vfork.h presence
configure:6763: gcc -E  conftest.c
conftest.c:40:10: fatal error: vfork.h: No such file or directory
 #include <vfork.h>
          ^~~~~~~~~
compilation terminated.
configure:6763: $? = 1
configure: failed program was:
| /* confdefs.h */
| #define PACKAGE_NAME "Iperf"
| #define PACKAGE_TARNAME "iperf"
| #define PACKAGE_VERSION "2.0.10"
| #define PACKAGE_STRING "Iperf 2.0.10"
| #define PACKAGE_BUGREPORT ""
| #define PACKAGE_URL ""
| #define PACKAGE "iperf"
| #define VERSION "2.0.10"
| #define HAVE_LIBRT 1
| #define HAVE_PTHREAD 1
| #define HAVE_POSIX_THREAD 1
| #define _REENTRANT 1
| #define STDC_HEADERS 1
| #define HAVE_SYS_TYPES_H 1
| #define HAVE_SYS_STAT_H 1
| #define HAVE_STDLIB_H 1
| #define HAVE_STRING_H 1
| #define HAVE_MEMORY_H 1
| #define HAVE_STRINGS_H 1
| #define HAVE_INTTYPES_H 1
| #define HAVE_STDINT_H 1
| #define HAVE_UNISTD_H 1
| #define HAVE_ARPA_INET_H 1
| #define HAVE_LIBINTL_H 1
| #define HAVE_NETDB_H 1
| #define HAVE_NETINET_IN_H 1
| #define HAVE_STDLIB_H 1
| #define HAVE_STRING_H 1
| #define HAVE_STRINGS_H 1
| #define HAVE_SYS_SOCKET_H 1
| #define HAVE_SYS_TIME_H 1
| #define HAVE_SYSLOG_H 1
| #define HAVE_UNISTD_H 1
| #define HAVE_SIGNAL_H 1
| #define HAVE_SSIZE_T 1
| #define TIME_WITH_SYS_TIME 1
| #define Socklen_t socklen_t
| /* end confdefs.h.  */
| #include <vfork.h>
configure:6763: result: no
configure:6763: checking for vfork.h
configure:6763: result: no
configure:6776: checking for fork
configure:6776: gcc -o conftest  -O2    conftest.c -lrt  >&5
conftest.c:63:6: warning: conflicting types for built-in function 'fork' [-Wbuiltin-declaration-mismatch]
 char fork ();
      ^~~~
configure:6776: $? = 0
configure:6776: result: yes
configure:6776: checking for vfork
configure:6776: gcc -o conftest  -O2    conftest.c -lrt  >&5
configure:6776: $? = 0
configure:6776: result: yes
configure:6786: checking for working fork
configure:6808: gcc -o conftest  -O2    conftest.c -lrt  >&5
configure:6808: $? = 0
configure:6808: ./conftest
configure:6808: $? = 0
configure:6818: result: yes
configure:6839: checking for working vfork
configure:6949: result: yes
configure:6974: checking for working memcmp
configure:7017: gcc -o conftest  -O2    conftest.c -lrt  >&5
configure:7017: $? = 0
configure:7017: ./conftest
configure:7017: $? = 0
configure:7027: result: yes
configure:7039: checking sys/select.h usability
configure:7039: gcc -c  -O2   conftest.c >&5
configure:7039: $? = 0
configure:7039: result: yes
configure:7039: checking sys/select.h presence
configure:7039: gcc -E  conftest.c
configure:7039: $? = 0
configure:7039: result: yes
configure:7039: checking for sys/select.h
configure:7039: result: yes
configure:7039: checking for sys/socket.h
configure:7039: result: yes
configure:7049: checking types of arguments for select
configure:7077: gcc -c  -O2   conftest.c >&5
configure:7077: $? = 0
configure:7088: result: int,fd_set *,struct timeval *
configure:7111: checking return type of signal handlers
configure:7129: gcc -c  -O2   conftest.c >&5
conftest.c: In function 'main':
conftest.c:55:10: error: void value not ignored as it ought to be
 return *(signal (0, 0)) (0) == 1;
         ~^~~~~~~~~~~~~~~~~~
configure:7129: $? = 1
configure: failed program was:
| /* confdefs.h */
| #define PACKAGE_NAME "Iperf"
| #define PACKAGE_TARNAME "iperf"
| #define PACKAGE_VERSION "2.0.10"
| #define PACKAGE_STRING "Iperf 2.0.10"
| #define PACKAGE_BUGREPORT ""
| #define PACKAGE_URL ""
| #define PACKAGE "iperf"
| #define VERSION "2.0.10"
| #define HAVE_LIBRT 1
| #define HAVE_PTHREAD 1
| #define HAVE_POSIX_THREAD 1
| #define _REENTRANT 1
| #define STDC_HEADERS 1
| #define HAVE_SYS_TYPES_H 1
| #define HAVE_SYS_STAT_H 1
| #define HAVE_STDLIB_H 1
| #define HAVE_STRING_H 1
| #define HAVE_MEMORY_H 1
| #define HAVE_STRINGS_H 1
| #define HAVE_INTTYPES_H 1
| #define HAVE_STDINT_H 1
| #define HAVE_UNISTD_H 1
| #define HAVE_ARPA_INET_H 1
| #define HAVE_LIBINTL_H 1
| #define HAVE_NETDB_H 1
| #define HAVE_NETINET_IN_H 1
| #define HAVE_STDLIB_H 1
| #define HAVE_STRING_H 1
| #define HAVE_STRINGS_H 1
| #define HAVE_SYS_SOCKET_H 1
| #define HAVE_SYS_TIME_H 1
| #define HAVE_SYSLOG_H 1
| #define HAVE_UNISTD_H 1
| #define HAVE_SIGNAL_H 1
| #define HAVE_SSIZE_T 1
| #define TIME_WITH_SYS_TIME 1
| #define Socklen_t socklen_t
| #define HAVE_FORK 1
| #define HAVE_VFORK 1
| #define HAVE_WORKING_VFORK 1
| #define HAVE_WORKING_FORK 1
| #define HAVE_SYS_SELECT_H 1
| #define HAVE_SYS_SOCKET_H 1
| #define SELECT_TYPE_ARG1 int
| #define SELECT_TYPE_ARG234 (fd_set *)
| #define SELECT_TYPE_ARG5 (struct timeval *)
| /* end confdefs.h.  */
| #include <sys/types.h>
| #include <signal.h>
| 
| int
| main ()
| {
| return *(signal (0, 0)) (0) == 1;
|   ;
|   return 0;
| }
configure:7136: result: void
configure:7146: checking for strftime
configure:7146: gcc -o conftest  -O2    conftest.c -lrt  >&5
conftest.c:73:6: warning: conflicting types for built-in function 'strftime' [-Wbuiltin-declaration-mismatch]
 char strftime ();
      ^~~~~~~~
configure:7146: $? = 0
configure:7146: result: yes
configure:7201: checking for vprintf
configure:7201: gcc -o conftest  -O2    conftest.c -lrt  >&5
conftest.c:74:6: warning: conflicting types for built-in function 'vprintf' [-Wbuiltin-declaration-mismatch]
 char vprintf ();
      ^~~~~~~
configure:7201: $? = 0
configure:7201: result: yes
configure:7207: checking for _doprnt
configure:7207: gcc -o conftest  -O2    conftest.c -lrt  >&5
/tmp/ccFpkDVp.o: In function `main':
conftest.c:(.text.startup+0x7): undefined reference to `_doprnt'
collect2: error: ld returned 1 exit status
configure:7207: $? = 1
configure: failed program was:
| /* confdefs.h */
| #define PACKAGE_NAME "Iperf"
| #define PACKAGE_TARNAME "iperf"
| #define PACKAGE_VERSION "2.0.10"
| #define PACKAGE_STRING "Iperf 2.0.10"
| #define PACKAGE_BUGREPORT ""
| #define PACKAGE_URL ""
| #define PACKAGE "iperf"
| #define VERSION "2.0.10"
| #define HAVE_LIBRT 1
| #define HAVE_PTHREAD 1
| #define HAVE_POSIX_THREAD 1
| #define _REENTRANT 1
| #define STDC_HEADERS 1
| #define HAVE_SYS_TYPES_H 1
| #define HAVE_SYS_STAT_H 1
| #define HAVE_STDLIB_H 1
| #define HAVE_STRING_H 1
| #define HAVE_MEMORY_H 1
| #define HAVE_STRINGS_H 1
| #define HAVE_INTTYPES_H 1
| #define HAVE_STDINT_H 1
| #define HAVE_UNISTD_H 1
| #define HAVE_ARPA_INET_H 1
| #define HAVE_LIBINTL_H 1
| #define HAVE_NETDB_H 1
| #define HAVE_NETINET_IN_H 1
| #define HAVE_STDLIB_H 1
| #define HAVE_STRING_H 1
| #define HAVE_STRINGS_H 1
| #define HAVE_SYS_SOCKET_H 1
| #define HAVE_SYS_TIME_H 1
| #define HAVE_SYSLOG_H 1
| #define HAVE_UNISTD_H 1
| #define HAVE_SIGNAL_H 1
| #define HAVE_SSIZE_T 1
| #define TIME_WITH_SYS_TIME 1
| #define Socklen_t socklen_t
| #define HAVE_FORK 1
| #define HAVE_VFORK 1
| #define HAVE_WORKING_VFORK 1
| #define HAVE_WORKING_FORK 1
| #define HAVE_SYS_SELECT_H 1
| #define HAVE_SYS_SOCKET_H 1
| #define SELECT_TYPE_ARG1 int
| #define SELECT_TYPE_ARG234 (fd_set *)
| #define SELECT_TYPE_ARG5 (struct timeval *)
| #define RETSIGTYPE void
| #define HAVE_STRFTIME 1
| #define HAVE_VPRINTF 1
| /* end confdefs.h.  */
| /* Define _doprnt to an innocuous variant, in case <limits.h> declares _doprnt.
|    For example, HP-UX 11i <limits.h> declares gettimeofday.  */
| #define _doprnt innocuous__doprnt
| 
| /* System header to define __stub macros and hopefully few prototypes,
|     which can conflict with char _doprnt (); below.
|     Prefer <limits.h> to <assert.h> if __STDC__ is defined, since
|     <limits.h> exists even on freestanding compilers.  */
| 
| #ifdef __STDC__
| # include <limits.h>
| #else
| # include <assert.h>
| #endif
| 
| #undef _doprnt
| 
| /* Override any GCC internal prototype to avoid an error.
|    Use char because int might match the return type of a GCC
|    builtin and then its argument prototype would still apply.  */
| #ifdef __cplusplus
| extern "C"
| #endif
| char _doprnt ();
| /* The GNU C library defines this for functions which it implements
|     to always fail with ENOSYS.  Some functions are actually named
|     something starting with __ and the normal name is an alias.  */
| #if defined __stub__doprnt || defined __stub____doprnt
| choke me
| #endif
| 
| int
| main ()
| {
| return _doprnt ();
|   ;
|   return 0;
| }
configure:7207: result: no
configure:7221: checking for atexit
configure:7221: gcc -o conftest  -O2    conftest.c -lrt  >&5
configure:7221: $? = 0
configure:7221: result: yes
configure:7221: checking for memset
configure:7221: gcc -o conftest  -O2    conftest.c -lrt  >&5
conftest.c:76:6: warning: conflicting types for built-in function 'memset' [-Wbuiltin-declaration-mismatch]
 char memset ();
      ^~~~~~
configure:7221: $? = 0
configure:7221: result: yes
configure:7221: checking for pthread_cancel
configure:7221: gcc -o conftest  -O2    conftest.c -lrt  >&5
/tmp/ccSJfJQK.o: In function `main':
conftest.c:(.text.startup+0x7): undefined reference to `pthread_cancel'
collect2: error: ld returned 1 exit status
configure:7221: $? = 1
configure: failed program was:
| /* confdefs.h */
| #define PACKAGE_NAME "Iperf"
| #define PACKAGE_TARNAME "iperf"
| #define PACKAGE_VERSION "2.0.10"
| #define PACKAGE_STRING "Iperf 2.0.10"
| #define PACKAGE_BUGREPORT ""
| #define PACKAGE_URL ""
| #define PACKAGE "iperf"
| #define VERSION "2.0.10"
| #define HAVE_LIBRT 1
| #define HAVE_PTHREAD 1
| #define HAVE_POSIX_THREAD 1
| #define _REENTRANT 1
| #define STDC_HEADERS 1
| #define HAVE_SYS_TYPES_H 1
| #define HAVE_SYS_STAT_H 1
| #define HAVE_STDLIB_H 1
| #define HAVE_STRING_H 1
| #define HAVE_MEMORY_H 1
| #define HAVE_STRINGS_H 1
| #define HAVE_INTTYPES_H 1
| #define HAVE_STDINT_H 1
| #define HAVE_UNISTD_H 1
| #define HAVE_ARPA_INET_H 1
| #define HAVE_LIBINTL_H 1
| #define HAVE_NETDB_H 1
| #define HAVE_NETINET_IN_H 1
| #define HAVE_STDLIB_H 1
| #define HAVE_STRING_H 1
| #define HAVE_STRINGS_H 1
| #define HAVE_SYS_SOCKET_H 1
| #define HAVE_SYS_TIME_H 1
| #define HAVE_SYSLOG_H 1
| #define HAVE_UNISTD_H 1
| #define HAVE_SIGNAL_H 1
| #define HAVE_SSIZE_T 1
| #define TIME_WITH_SYS_TIME 1
| #define Socklen_t socklen_t
| #define HAVE_FORK 1
| #define HAVE_VFORK 1
| #define HAVE_WORKING_VFORK 1
| #define HAVE_WORKING_FORK 1
| #define HAVE_SYS_SELECT_H 1
| #define HAVE_SYS_SOCKET_H 1
| #define SELECT_TYPE_ARG1 int
| #define SELECT_TYPE_ARG234 (fd_set *)
| #define SELECT_TYPE_ARG5 (struct timeval *)
| #define RETSIGTYPE void
| #define HAVE_STRFTIME 1
| #define HAVE_VPRINTF 1
| #define HAVE_ATEXIT 1
| #define HAVE_MEMSET 1
| /* end confdefs.h.  */
| /* Define pthread_cancel to an innocuous variant, in case <limits.h> declares pthread_cancel.
|    For example, HP-UX 11i <limits.h> declares gettimeofday.  */
| #define pthread_cancel innocuous_pthread_cancel
| 
| /* System header to define __stub macros and hopefully few prototypes,
|     which can conflict with char pthread_cancel (); below.
|     Prefer <limits.h> to <assert.h> if __STDC__ is defined, since
|     <limits.h> exists even on freestanding compilers.  */
| 
| #ifdef __STDC__
| # include <limits.h>
| #else
| # include <assert.h>
| #endif
| 
| #undef pthread_cancel
| 
| /* Override any GCC internal prototype to avoid an error.
|    Use char because int might match the return type of a GCC
|    builtin and then its argument prototype would still apply.  */
| #ifdef __cplusplus
| extern "C"
| #endif
| char pthread_cancel ();
| /* The GNU C library defines this for functions which it implements
|     to always fail with ENOSYS.  Some functions are actually named
|     something starting with __ and the normal name is an alias.  */
| #if defined __stub_pthread_cancel || defined __stub___pthread_cancel
| choke me
| #endif
| 
| int
| main ()
| {
| return pthread_cancel ();
|   ;
|   return 0;
| }
configure:7221: result: no
configure:7221: checking for select
configure:7221: gcc -o conftest  -O2    conftest.c -lrt  >&5
configure:7221: $? = 0
configure:7221: result: yes
configure:7221: checking for strchr
configure:7221: gcc -o conftest  -O2    conftest.c -lrt  >&5
conftest.c:78:6: warning: conflicting types for built-in function 'strchr' [-Wbuiltin-declaration-mismatch]
 char strchr ();
      ^~~~~~
configure:7221: $? = 0
configure:7221: result: yes
configure:7221: checking for strerror
configure:7221: gcc -o conftest  -O2    conftest.c -lrt  >&5
configure:7221: $? = 0
configure:7221: result: yes
configure:7221: checking for strtol
configure:7221: gcc -o conftest  -O2    conftest.c -lrt  >&5
configure:7221: $? = 0
configure:7221: result: yes
configure:7221: checking for strtoll
configure:7221: gcc -o conftest  -O2    conftest.c -lrt  >&5
configure:7221: $? = 0
configure:7221: result: yes
configure:7221: checking for usleep
configure:7221: gcc -o conftest  -O2    conftest.c -lrt  >&5
configure:7221: $? = 0
configure:7221: result: yes
configure:7221: checking for clock_gettime
configure:7221: gcc -o conftest  -O2    conftest.c -lrt  >&5
configure:7221: $? = 0
configure:7221: result: yes
configure:7221: checking for sched_setscheduler
configure:7221: gcc -o conftest  -O2    conftest.c -lrt  >&5
configure:7221: $? = 0
configure:7221: result: yes
configure:7221: checking for mlockall
configure:7221: gcc -o conftest  -O2    conftest.c -lrt  >&5
configure:7221: $? = 0
configure:7221: result: yes
configure:7221: checking for setitimer
configure:7221: gcc -o conftest  -O2    conftest.c -lrt  >&5
configure:7221: $? = 0
configure:7221: result: yes
configure:7221: checking for nanosleep
configure:7221: gcc -o conftest  -O2    conftest.c -lrt  >&5
configure:7221: $? = 0
configure:7221: result: yes
configure:7230: checking for snprintf
configure:7230: gcc -o conftest  -O2    conftest.c -lrt  >&5
conftest.c:88:6: warning: conflicting types for built-in function 'snprintf' [-Wbuiltin-declaration-mismatch]
 char snprintf ();
      ^~~~~~~~
configure:7230: $? = 0
configure:7230: result: yes
configure:7243: checking for inet_pton
configure:7243: gcc -o conftest  -O2    conftest.c -lrt  >&5
configure:7243: $? = 0
configure:7243: result: yes
configure:7256: checking for inet_ntop
configure:7256: gcc -o conftest  -O2    conftest.c -lrt  >&5
configure:7256: $? = 0
configure:7256: result: yes
configure:7269: checking for gettimeofday
configure:7269: gcc -o conftest  -O2    conftest.c -lrt  >&5
configure:7269: $? = 0
configure:7269: result: yes
configure:7283: checking whether ENOBUFS is declared
configure:7283: gcc -c  -O2   conftest.c >&5
configure:7283: $? = 0
configure:7283: result: yes
configure:7294: checking whether EWOULDBLOCK is declared
configure:7294: gcc -c  -O2   conftest.c >&5
configure:7294: $? = 0
configure:7294: result: yes
configure:7306: checking whether SO_TIMESTAMP is declared
configure:7306: gcc -c  -O2   conftest.c >&5
configure:7306: $? = 0
configure:7306: result: yes
configure:7317: checking whether SO_SNDTIMEO is declared
configure:7317: gcc -c  -O2   conftest.c >&5
configure:7317: $? = 0
configure:7317: result: yes
configure:7329: checking whether CPU_SET is declared
configure:7329: gcc -c  -O2   conftest.c >&5
configure:7329: $? = 0
configure:7329: result: yes
configure:7344: checking whether SIGALRM is declared
configure:7344: gcc -c  -O2   conftest.c >&5
configure:7344: $? = 0
configure:7344: result: yes
configure:7356: checking for struct tcp_info.tcpi_total_retrans
configure:7356: gcc -c  -O2   conftest.c >&5
configure:7356: $? = 0
configure:7356: result: yes
configure:7373: checking *printf() support for %lld
configure:7390: gcc -o conftest  -O2    conftest.c -lrt  >&5
conftest.c: In function 'main':
conftest.c:81:25: warning: implicit declaration of function 'strcmp' [-Wimplicit-function-declaration]
                 return (strcmp(buf, "21726587590"));
                         ^~~~~~
configure:7390: $? = 0
configure:7390: ./conftest
configure:7390: $? = 0
configure:7392: result: yes
configure:7456: checking size of bool
configure:7461: gcc -o conftest  -O2    conftest.c -lrt  >&5
conftest.c: In function 'longval':
conftest.c:110:57: error: 'bool' undeclared (first use in this function); did you mean 'atol'?
 static long int longval () { return (long int) (sizeof (bool)); }
                                                         ^~~~
                                                         atol
conftest.c:110:57: note: each undeclared identifier is reported only once for each function it appears in
conftest.c: In function 'ulongval':
conftest.c:111:67: error: 'bool' undeclared (first use in this function); did you mean 'atol'?
 static unsigned long int ulongval () { return (long int) (sizeof (bool)); }
                                                                   ^~~~
                                                                   atol
conftest.c: In function 'main':
conftest.c:121:28: error: 'bool' undeclared (first use in this function); did you mean 'atol'?
   if (((long int) (sizeof (bool))) < 0)
                            ^~~~
                            atol
configure:7461: $? = 1
configure: program exited with status 1
configure: failed program was:
| /* confdefs.h */
| #define PACKAGE_NAME "Iperf"
| #define PACKAGE_TARNAME "iperf"
| #define PACKAGE_VERSION "2.0.10"
| #define PACKAGE_STRING "Iperf 2.0.10"
| #define PACKAGE_BUGREPORT ""
| #define PACKAGE_URL ""
| #define PACKAGE "iperf"
| #define VERSION "2.0.10"
| #define HAVE_LIBRT 1
| #define HAVE_PTHREAD 1
| #define HAVE_POSIX_THREAD 1
| #define _REENTRANT 1
| #define STDC_HEADERS 1
| #define HAVE_SYS_TYPES_H 1
| #define HAVE_SYS_STAT_H 1
| #define HAVE_STDLIB_H 1
| #define HAVE_STRING_H 1
| #define HAVE_MEMORY_H 1
| #define HAVE_STRINGS_H 1
| #define HAVE_INTTYPES_H 1
| #define HAVE_STDINT_H 1
| #define HAVE_UNISTD_H 1
| #define HAVE_ARPA_INET_H 1
| #define HAVE_LIBINTL_H 1
| #define HAVE_NETDB_H 1
| #define HAVE_NETINET_IN_H 1
| #define HAVE_STDLIB_H 1
| #define HAVE_STRING_H 1
| #define HAVE_STRINGS_H 1
| #define HAVE_SYS_SOCKET_H 1
| #define HAVE_SYS_TIME_H 1
| #define HAVE_SYSLOG_H 1
| #define HAVE_UNISTD_H 1
| #define HAVE_SIGNAL_H 1
| #define HAVE_SSIZE_T 1
| #define TIME_WITH_SYS_TIME 1
| #define Socklen_t socklen_t
| #define HAVE_FORK 1
| #define HAVE_VFORK 1
| #define HAVE_WORKING_VFORK 1
| #define HAVE_WORKING_FORK 1
| #define HAVE_SYS_SELECT_H 1
| #define HAVE_SYS_SOCKET_H 1
| #define SELECT_TYPE_ARG1 int
| #define SELECT_TYPE_ARG234 (fd_set *)
| #define SELECT_TYPE_ARG5 (struct timeval *)
| #define RETSIGTYPE void
| #define HAVE_STRFTIME 1
| #define HAVE_VPRINTF 1
| #define HAVE_ATEXIT 1
| #define HAVE_MEMSET 1
| #define HAVE_SELECT 1
| #define HAVE_STRCHR 1
| #define HAVE_STRERROR 1
| #define HAVE_STRTOL 1
| #define HAVE_STRTOLL 1
| #define HAVE_USLEEP 1
| #define HAVE_CLOCK_GETTIME 1
| #define HAVE_SCHED_SETSCHEDULER 1
| #define HAVE_MLOCKALL 1
| #define HAVE_SETITIMER 1
| #define HAVE_NANOSLEEP 1
| #define HAVE_SNPRINTF 1
| #define HAVE_INET_PTON 1
| #define HAVE_INET_NTOP 1
| #define HAVE_GETTIMEOFDAY 1
| #define HAVE_DECL_ENOBUFS 1
| #define HAVE_DECL_EWOULDBLOCK 1
| #define HAVE_DECL_SO_TIMESTAMP 1
| #define HAVE_DECL_SO_SNDTIMEO 1
| #define HAVE_DECL_CPU_SET 1
| #define HAVE_DECL_SIGALRM 1
| #define HAVE_STRUCT_TCP_INFO_TCPI_TOTAL_RETRANS 1
| #define HAVE_QUAD_SUPPORT 1
| /* end confdefs.h.  */
| #include <stdio.h>
| #ifdef HAVE_SYS_TYPES_H
| # include <sys/types.h>
| #endif
| #ifdef HAVE_SYS_STAT_H
| # include <sys/stat.h>
| #endif
| #ifdef STDC_HEADERS
| # include <stdlib.h>
| # include <stddef.h>
| #else
| # ifdef HAVE_STDLIB_H
| #  include <stdlib.h>
| # endif
| #endif
| #ifdef HAVE_STRING_H
| # if !defined STDC_HEADERS && defined HAVE_MEMORY_H
| #  include <memory.h>
| # endif
| # include <string.h>
| #endif
| #ifdef HAVE_STRINGS_H
| # include <strings.h>
| #endif
| #ifdef HAVE_INTTYPES_H
| # include <inttypes.h>
| #endif
| #ifdef HAVE_STDINT_H
| # include <stdint.h>
| #endif
| #ifdef HAVE_UNISTD_H
| # include <unistd.h>
| #endif
| static long int longval () { return (long int) (sizeof (bool)); }
| static unsigned long int ulongval () { return (long int) (sizeof (bool)); }
| #include <stdio.h>
| #include <stdlib.h>
| int
| main ()
| {
| 
|   FILE *f = fopen ("conftest.val", "w");
|   if (! f)
|     return 1;
|   if (((long int) (sizeof (bool))) < 0)
|     {
|       long int i = longval ();
|       if (i != ((long int) (sizeof (bool))))
| 	return 1;
|       fprintf (f, "%ld", i);
|     }
|   else
|     {
|       unsigned long int i = ulongval ();
|       if (i != ((long int) (sizeof (bool))))
| 	return 1;
|       fprintf (f, "%lu", i);
|     }
|   /* Do not output a trailing newline, as this causes \r\n confusion
|      on some platforms.  */
|   return ferror (f) || fclose (f) != 0;
| 
|   ;
|   return 0;
| }
configure:7475: result: 0
configure:7490: checking if true is defined
configure:7513: g++ -c  -O2   conftest.cpp >&5
configure:7513: $? = 0
configure:7527: result: yes
configure:7539: checking whether byte ordering is bigendian
configure:7554: gcc -c  -O2   conftest.c >&5
conftest.c:80:9: error: unknown type name 'not'
         not a universal capable compiler
         ^~~
conftest.c:80:15: error: expected '=', ',', ';', 'asm' or '__attribute__' before 'universal'
         not a universal capable compiler
               ^~~~~~~~~
conftest.c:80:15: error: unknown type name 'universal'
configure:7554: $? = 1
configure: failed program was:
| /* confdefs.h */
| #define PACKAGE_NAME "Iperf"
| #define PACKAGE_TARNAME "iperf"
| #define PACKAGE_VERSION "2.0.10"
| #define PACKAGE_STRING "Iperf 2.0.10"
| #define PACKAGE_BUGREPORT ""
| #define PACKAGE_URL ""
| #define PACKAGE "iperf"
| #define VERSION "2.0.10"
| #define HAVE_LIBRT 1
| #define HAVE_PTHREAD 1
| #define HAVE_POSIX_THREAD 1
| #define _REENTRANT 1
| #define STDC_HEADERS 1
| #define HAVE_SYS_TYPES_H 1
| #define HAVE_SYS_STAT_H 1
| #define HAVE_STDLIB_H 1
| #define HAVE_STRING_H 1
| #define HAVE_MEMORY_H 1
| #define HAVE_STRINGS_H 1
| #define HAVE_INTTYPES_H 1
| #define HAVE_STDINT_H 1
| #define HAVE_UNISTD_H 1
| #define HAVE_ARPA_INET_H 1
| #define HAVE_LIBINTL_H 1
| #define HAVE_NETDB_H 1
| #define HAVE_NETINET_IN_H 1
| #define HAVE_STDLIB_H 1
| #define HAVE_STRING_H 1
| #define HAVE_STRINGS_H 1
| #define HAVE_SYS_SOCKET_H 1
| #define HAVE_SYS_TIME_H 1
| #define HAVE_SYSLOG_H 1
| #define HAVE_UNISTD_H 1
| #define HAVE_SIGNAL_H 1
| #define HAVE_SSIZE_T 1
| #define TIME_WITH_SYS_TIME 1
| #define Socklen_t socklen_t
| #define HAVE_FORK 1
| #define HAVE_VFORK 1
| #define HAVE_WORKING_VFORK 1
| #define HAVE_WORKING_FORK 1
| #define HAVE_SYS_SELECT_H 1
| #define HAVE_SYS_SOCKET_H 1
| #define SELECT_TYPE_ARG1 int
| #define SELECT_TYPE_ARG234 (fd_set *)
| #define SELECT_TYPE_ARG5 (struct timeval *)
| #define RETSIGTYPE void
| #define HAVE_STRFTIME 1
| #define HAVE_VPRINTF 1
| #define HAVE_ATEXIT 1
| #define HAVE_MEMSET 1
| #define HAVE_SELECT 1
| #define HAVE_STRCHR 1
| #define HAVE_STRERROR 1
| #define HAVE_STRTOL 1
| #define HAVE_STRTOLL 1
| #define HAVE_USLEEP 1
| #define HAVE_CLOCK_GETTIME 1
| #define HAVE_SCHED_SETSCHEDULER 1
| #define HAVE_MLOCKALL 1
| #define HAVE_SETITIMER 1
| #define HAVE_NANOSLEEP 1
| #define HAVE_SNPRINTF 1
| #define HAVE_INET_PTON 1
| #define HAVE_INET_NTOP 1
| #define HAVE_GETTIMEOFDAY 1
| #define HAVE_DECL_ENOBUFS 1
| #define HAVE_DECL_EWOULDBLOCK 1
| #define HAVE_DECL_SO_TIMESTAMP 1
| #define HAVE_DECL_SO_SNDTIMEO 1
| #define HAVE_DECL_CPU_SET 1
| #define HAVE_DECL_SIGALRM 1
| #define HAVE_STRUCT_TCP_INFO_TCPI_TOTAL_RETRANS 1
| #define HAVE_QUAD_SUPPORT 1
| #define SIZEOF_BOOL 0
| #define bool int
| /* end confdefs.h.  */
| #ifndef __APPLE_CC__
| 	       not a universal capable compiler
| 	     #endif
| 	     typedef int dummy;
| 
configure:7599: gcc -c  -O2   conftest.c >&5
configure:7599: $? = 0
configure:7617: gcc -c  -O2   conftest.c >&5
conftest.c: In function 'main':
conftest.c:86:4: error: unknown type name 'not'; did you mean 'ino_t'?
    not big endian
    ^~~
    ino_t
conftest.c:86:12: error: expected '=', ',', ';', 'asm' or '__attribute__' before 'endian'
    not big endian
            ^~~~~~
configure:7617: $? = 1
configure: failed program was:
| /* confdefs.h */
| #define PACKAGE_NAME "Iperf"
| #define PACKAGE_TARNAME "iperf"
| #define PACKAGE_VERSION "2.0.10"
| #define PACKAGE_STRING "Iperf 2.0.10"
| #define PACKAGE_BUGREPORT ""
| #define PACKAGE_URL ""
| #define PACKAGE "iperf"
| #define VERSION "2.0.10"
| #define HAVE_LIBRT 1
| #define HAVE_PTHREAD 1
| #define HAVE_POSIX_THREAD 1
| #define _REENTRANT 1
| #define STDC_HEADERS 1
| #define HAVE_SYS_TYPES_H 1
| #define HAVE_SYS_STAT_H 1
| #define HAVE_STDLIB_H 1
| #define HAVE_STRING_H 1
| #define HAVE_MEMORY_H 1
| #define HAVE_STRINGS_H 1
| #define HAVE_INTTYPES_H 1
| #define HAVE_STDINT_H 1
| #define HAVE_UNISTD_H 1
| #define HAVE_ARPA_INET_H 1
| #define HAVE_LIBINTL_H 1
| #define HAVE_NETDB_H 1
| #define HAVE_NETINET_IN_H 1
| #define HAVE_STDLIB_H 1
| #define HAVE_STRING_H 1
| #define HAVE_STRINGS_H 1
| #define HAVE_SYS_SOCKET_H 1
| #define HAVE_SYS_TIME_H 1
| #define HAVE_SYSLOG_H 1
| #define HAVE_UNISTD_H 1
| #define HAVE_SIGNAL_H 1
| #define HAVE_SSIZE_T 1
| #define TIME_WITH_SYS_TIME 1
| #define Socklen_t socklen_t
| #define HAVE_FORK 1
| #define HAVE_VFORK 1
| #define HAVE_WORKING_VFORK 1
| #define HAVE_WORKING_FORK 1
| #define HAVE_SYS_SELECT_H 1
| #define HAVE_SYS_SOCKET_H 1
| #define SELECT_TYPE_ARG1 int
| #define SELECT_TYPE_ARG234 (fd_set *)
| #define SELECT_TYPE_ARG5 (struct timeval *)
| #define RETSIGTYPE void
| #define HAVE_STRFTIME 1
| #define HAVE_VPRINTF 1
| #define HAVE_ATEXIT 1
| #define HAVE_MEMSET 1
| #define HAVE_SELECT 1
| #define HAVE_STRCHR 1
| #define HAVE_STRERROR 1
| #define HAVE_STRTOL 1
| #define HAVE_STRTOLL 1
| #define HAVE_USLEEP 1
| #define HAVE_CLOCK_GETTIME 1
| #define HAVE_SCHED_SETSCHEDULER 1
| #define HAVE_MLOCKALL 1
| #define HAVE_SETITIMER 1
| #define HAVE_NANOSLEEP 1
| #define HAVE_SNPRINTF 1
| #define HAVE_INET_PTON 1
| #define HAVE_INET_NTOP 1
| #define HAVE_GETTIMEOFDAY 1
| #define HAVE_DECL_ENOBUFS 1
| #define HAVE_DECL_EWOULDBLOCK 1
| #define HAVE_DECL_SO_TIMESTAMP 1
| #define HAVE_DECL_SO_SNDTIMEO 1
| #define HAVE_DECL_CPU_SET 1
| #define HAVE_DECL_SIGALRM 1
| #define HAVE_STRUCT_TCP_INFO_TCPI_TOTAL_RETRANS 1
| #define HAVE_QUAD_SUPPORT 1
| #define SIZEOF_BOOL 0
| #define bool int
| /* end confdefs.h.  */
| #include <sys/types.h>
| 		#include <sys/param.h>
| 
| int
| main ()
| {
| #if BYTE_ORDER != BIG_ENDIAN
| 		 not big endian
| 		#endif
| 
|   ;
|   return 0;
| }
configure:7745: result: no
configure:7766: checking for struct ip_mreq
configure:7766: gcc -c  -O2   conftest.c >&5
configure:7766: $? = 0
configure:7766: gcc -c  -O2   conftest.c >&5
conftest.c: In function 'main':
conftest.c:84:29: error: expected expression before ')' token
 if (sizeof ((struct ip_mreq)))
                             ^
configure:7766: $? = 1
configure: failed program was:
| /* confdefs.h */
| #define PACKAGE_NAME "Iperf"
| #define PACKAGE_TARNAME "iperf"
| #define PACKAGE_VERSION "2.0.10"
| #define PACKAGE_STRING "Iperf 2.0.10"
| #define PACKAGE_BUGREPORT ""
| #define PACKAGE_URL ""
| #define PACKAGE "iperf"
| #define VERSION "2.0.10"
| #define HAVE_LIBRT 1
| #define HAVE_PTHREAD 1
| #define HAVE_POSIX_THREAD 1
| #define _REENTRANT 1
| #define STDC_HEADERS 1
| #define HAVE_SYS_TYPES_H 1
| #define HAVE_SYS_STAT_H 1
| #define HAVE_STDLIB_H 1
| #define HAVE_STRING_H 1
| #define HAVE_MEMORY_H 1
| #define HAVE_STRINGS_H 1
| #define HAVE_INTTYPES_H 1
| #define HAVE_STDINT_H 1
| #define HAVE_UNISTD_H 1
| #define HAVE_ARPA_INET_H 1
| #define HAVE_LIBINTL_H 1
| #define HAVE_NETDB_H 1
| #define HAVE_NETINET_IN_H 1
| #define HAVE_STDLIB_H 1
| #define HAVE_STRING_H 1
| #define HAVE_STRINGS_H 1
| #define HAVE_SYS_SOCKET_H 1
| #define HAVE_SYS_TIME_H 1
| #define HAVE_SYSLOG_H 1
| #define HAVE_UNISTD_H 1
| #define HAVE_SIGNAL_H 1
| #define HAVE_SSIZE_T 1
| #define TIME_WITH_SYS_TIME 1
| #define Socklen_t socklen_t
| #define HAVE_FORK 1
| #define HAVE_VFORK 1
| #define HAVE_WORKING_VFORK 1
| #define HAVE_WORKING_FORK 1
| #define HAVE_SYS_SELECT_H 1
| #define HAVE_SYS_SOCKET_H 1
| #define SELECT_TYPE_ARG1 int
| #define SELECT_TYPE_ARG234 (fd_set *)
| #define SELECT_TYPE_ARG5 (struct timeval *)
| #define RETSIGTYPE void
| #define HAVE_STRFTIME 1
| #define HAVE_VPRINTF 1
| #define HAVE_ATEXIT 1
| #define HAVE_MEMSET 1
| #define HAVE_SELECT 1
| #define HAVE_STRCHR 1
| #define HAVE_STRERROR 1
| #define HAVE_STRTOL 1
| #define HAVE_STRTOLL 1
| #define HAVE_USLEEP 1
| #define HAVE_CLOCK_GETTIME 1
| #define HAVE_SCHED_SETSCHEDULER 1
| #define HAVE_MLOCKALL 1
| #define HAVE_SETITIMER 1
| #define HAVE_NANOSLEEP 1
| #define HAVE_SNPRINTF 1
| #define HAVE_INET_PTON 1
| #define HAVE_INET_NTOP 1
| #define HAVE_GETTIMEOFDAY 1
| #define HAVE_DECL_ENOBUFS 1
| #define HAVE_DECL_EWOULDBLOCK 1
| #define HAVE_DECL_SO_TIMESTAMP 1
| #define HAVE_DECL_SO_SNDTIMEO 1
| #define HAVE_DECL_CPU_SET 1
| #define HAVE_DECL_SIGALRM 1
| #define HAVE_STRUCT_TCP_INFO_TCPI_TOTAL_RETRANS 1
| #define HAVE_QUAD_SUPPORT 1
| #define SIZEOF_BOOL 0
| #define bool int
| /* end confdefs.h.  */
| #include "./compat/headers_slim.h"
| 
| int
| main ()
| {
| if (sizeof ((struct ip_mreq)))
| 	    return 0;
|   ;
|   return 0;
| }
configure:7766: result: yes
configure:7777: checking whether IP_ADD_MEMBERSHIP is declared
configure:7777: gcc -c  -O2   conftest.c >&5
configure:7777: $? = 0
configure:7777: result: yes
configure:7789: checking for multicast support
configure:7797: result: yes
configure:7807: checking for struct sockaddr_storage
configure:7807: gcc -c  -O2   conftest.c >&5
configure:7807: $? = 0
configure:7807: gcc -c  -O2   conftest.c >&5
conftest.c: In function 'main':
conftest.c:87:38: error: expected expression before ')' token
 if (sizeof ((struct sockaddr_storage)))
                                      ^
configure:7807: $? = 1
configure: failed program was:
| /* confdefs.h */
| #define PACKAGE_NAME "Iperf"
| #define PACKAGE_TARNAME "iperf"
| #define PACKAGE_VERSION "2.0.10"
| #define PACKAGE_STRING "Iperf 2.0.10"
| #define PACKAGE_BUGREPORT ""
| #define PACKAGE_URL ""
| #define PACKAGE "iperf"
| #define VERSION "2.0.10"
| #define HAVE_LIBRT 1
| #define HAVE_PTHREAD 1
| #define HAVE_POSIX_THREAD 1
| #define _REENTRANT 1
| #define STDC_HEADERS 1
| #define HAVE_SYS_TYPES_H 1
| #define HAVE_SYS_STAT_H 1
| #define HAVE_STDLIB_H 1
| #define HAVE_STRING_H 1
| #define HAVE_MEMORY_H 1
| #define HAVE_STRINGS_H 1
| #define HAVE_INTTYPES_H 1
| #define HAVE_STDINT_H 1
| #define HAVE_UNISTD_H 1
| #define HAVE_ARPA_INET_H 1
| #define HAVE_LIBINTL_H 1
| #define HAVE_NETDB_H 1
| #define HAVE_NETINET_IN_H 1
| #define HAVE_STDLIB_H 1
| #define HAVE_STRING_H 1
| #define HAVE_STRINGS_H 1
| #define HAVE_SYS_SOCKET_H 1
| #define HAVE_SYS_TIME_H 1
| #define HAVE_SYSLOG_H 1
| #define HAVE_UNISTD_H 1
| #define HAVE_SIGNAL_H 1
| #define HAVE_SSIZE_T 1
| #define TIME_WITH_SYS_TIME 1
| #define Socklen_t socklen_t
| #define HAVE_FORK 1
| #define HAVE_VFORK 1
| #define HAVE_WORKING_VFORK 1
| #define HAVE_WORKING_FORK 1
| #define HAVE_SYS_SELECT_H 1
| #define HAVE_SYS_SOCKET_H 1
| #define SELECT_TYPE_ARG1 int
| #define SELECT_TYPE_ARG234 (fd_set *)
| #define SELECT_TYPE_ARG5 (struct timeval *)
| #define RETSIGTYPE void
| #define HAVE_STRFTIME 1
| #define HAVE_VPRINTF 1
| #define HAVE_ATEXIT 1
| #define HAVE_MEMSET 1
| #define HAVE_SELECT 1
| #define HAVE_STRCHR 1
| #define HAVE_STRERROR 1
| #define HAVE_STRTOL 1
| #define HAVE_STRTOLL 1
| #define HAVE_USLEEP 1
| #define HAVE_CLOCK_GETTIME 1
| #define HAVE_SCHED_SETSCHEDULER 1
| #define HAVE_MLOCKALL 1
| #define HAVE_SETITIMER 1
| #define HAVE_NANOSLEEP 1
| #define HAVE_SNPRINTF 1
| #define HAVE_INET_PTON 1
| #define HAVE_INET_NTOP 1
| #define HAVE_GETTIMEOFDAY 1
| #define HAVE_DECL_ENOBUFS 1
| #define HAVE_DECL_EWOULDBLOCK 1
| #define HAVE_DECL_SO_TIMESTAMP 1
| #define HAVE_DECL_SO_SNDTIMEO 1
| #define HAVE_DECL_CPU_SET 1
| #define HAVE_DECL_SIGALRM 1
| #define HAVE_STRUCT_TCP_INFO_TCPI_TOTAL_RETRANS 1
| #define HAVE_QUAD_SUPPORT 1
| #define SIZEOF_BOOL 0
| #define bool int
| #define HAVE_STRUCT_IP_MREQ 1
| #define HAVE_DECL_IP_ADD_MEMBERSHIP 1
| #define HAVE_MULTICAST 1
| /* end confdefs.h.  */
| #include "./compat/headers_slim.h"
| 
| int
| main ()
| {
| if (sizeof ((struct sockaddr_storage)))
| 	    return 0;
|   ;
|   return 0;
| }
configure:7807: result: yes
configure:7818: checking for struct sockaddr_in6
configure:7818: gcc -c  -O2   conftest.c >&5
configure:7818: $? = 0
configure:7818: gcc -c  -O2   conftest.c >&5
conftest.c: In function 'main':
conftest.c:88:34: error: expected expression before ')' token
 if (sizeof ((struct sockaddr_in6)))
                                  ^
configure:7818: $? = 1
configure: failed program was:
| /* confdefs.h */
| #define PACKAGE_NAME "Iperf"
| #define PACKAGE_TARNAME "iperf"
| #define PACKAGE_VERSION "2.0.10"
| #define PACKAGE_STRING "Iperf 2.0.10"
| #define PACKAGE_BUGREPORT ""
| #define PACKAGE_URL ""
| #define PACKAGE "iperf"
| #define VERSION "2.0.10"
| #define HAVE_LIBRT 1
| #define HAVE_PTHREAD 1
| #define HAVE_POSIX_THREAD 1
| #define _REENTRANT 1
| #define STDC_HEADERS 1
| #define HAVE_SYS_TYPES_H 1
| #define HAVE_SYS_STAT_H 1
| #define HAVE_STDLIB_H 1
| #define HAVE_STRING_H 1
| #define HAVE_MEMORY_H 1
| #define HAVE_STRINGS_H 1
| #define HAVE_INTTYPES_H 1
| #define HAVE_STDINT_H 1
| #define HAVE_UNISTD_H 1
| #define HAVE_ARPA_INET_H 1
| #define HAVE_LIBINTL_H 1
| #define HAVE_NETDB_H 1
| #define HAVE_NETINET_IN_H 1
| #define HAVE_STDLIB_H 1
| #define HAVE_STRING_H 1
| #define HAVE_STRINGS_H 1
| #define HAVE_SYS_SOCKET_H 1
| #define HAVE_SYS_TIME_H 1
| #define HAVE_SYSLOG_H 1
| #define HAVE_UNISTD_H 1
| #define HAVE_SIGNAL_H 1
| #define HAVE_SSIZE_T 1
| #define TIME_WITH_SYS_TIME 1
| #define Socklen_t socklen_t
| #define HAVE_FORK 1
| #define HAVE_VFORK 1
| #define HAVE_WORKING_VFORK 1
| #define HAVE_WORKING_FORK 1
| #define HAVE_SYS_SELECT_H 1
| #define HAVE_SYS_SOCKET_H 1
| #define SELECT_TYPE_ARG1 int
| #define SELECT_TYPE_ARG234 (fd_set *)
| #define SELECT_TYPE_ARG5 (struct timeval *)
| #define RETSIGTYPE void
| #define HAVE_STRFTIME 1
| #define HAVE_VPRINTF 1
| #define HAVE_ATEXIT 1
| #define HAVE_MEMSET 1
| #define HAVE_SELECT 1
| #define HAVE_STRCHR 1
| #define HAVE_STRERROR 1
| #define HAVE_STRTOL 1
| #define HAVE_STRTOLL 1
| #define HAVE_USLEEP 1
| #define HAVE_CLOCK_GETTIME 1
| #define HAVE_SCHED_SETSCHEDULER 1
| #define HAVE_MLOCKALL 1
| #define HAVE_SETITIMER 1
| #define HAVE_NANOSLEEP 1
| #define HAVE_SNPRINTF 1
| #define HAVE_INET_PTON 1
| #define HAVE_INET_NTOP 1
| #define HAVE_GETTIMEOFDAY 1
| #define HAVE_DECL_ENOBUFS 1
| #define HAVE_DECL_EWOULDBLOCK 1
| #define HAVE_DECL_SO_TIMESTAMP 1
| #define HAVE_DECL_SO_SNDTIMEO 1
| #define HAVE_DECL_CPU_SET 1
| #define HAVE_DECL_SIGALRM 1
| #define HAVE_STRUCT_TCP_INFO_TCPI_TOTAL_RETRANS 1
| #define HAVE_QUAD_SUPPORT 1
| #define SIZEOF_BOOL 0
| #define bool int
| #define HAVE_STRUCT_IP_MREQ 1
| #define HAVE_DECL_IP_ADD_MEMBERSHIP 1
| #define HAVE_MULTICAST 1
| #define HAVE_STRUCT_SOCKADDR_STORAGE 1
| /* end confdefs.h.  */
| #include "./compat/headers_slim.h"
| 
| int
| main ()
| {
| if (sizeof ((struct sockaddr_in6)))
| 	    return 0;
|   ;
|   return 0;
| }
configure:7818: result: yes
configure:7829: checking whether AF_INET6 is declared
configure:7829: gcc -c  -O2   conftest.c >&5
configure:7829: $? = 0
configure:7829: result: yes
configure:7841: checking for IPv6 headers and structures
configure:7854: result: yes
configure:7860: checking for struct ipv6_mreq
configure:7860: gcc -c  -O2   conftest.c >&5
configure:7860: $? = 0
configure:7860: gcc -c  -O2   conftest.c >&5
conftest.c: In function 'main':
conftest.c:91:31: error: expected expression before ')' token
 if (sizeof ((struct ipv6_mreq)))
                               ^
configure:7860: $? = 1
configure: failed program was:
| /* confdefs.h */
| #define PACKAGE_NAME "Iperf"
| #define PACKAGE_TARNAME "iperf"
| #define PACKAGE_VERSION "2.0.10"
| #define PACKAGE_STRING "Iperf 2.0.10"
| #define PACKAGE_BUGREPORT ""
| #define PACKAGE_URL ""
| #define PACKAGE "iperf"
| #define VERSION "2.0.10"
| #define HAVE_LIBRT 1
| #define HAVE_PTHREAD 1
| #define HAVE_POSIX_THREAD 1
| #define _REENTRANT 1
| #define STDC_HEADERS 1
| #define HAVE_SYS_TYPES_H 1
| #define HAVE_SYS_STAT_H 1
| #define HAVE_STDLIB_H 1
| #define HAVE_STRING_H 1
| #define HAVE_MEMORY_H 1
| #define HAVE_STRINGS_H 1
| #define HAVE_INTTYPES_H 1
| #define HAVE_STDINT_H 1
| #define HAVE_UNISTD_H 1
| #define HAVE_ARPA_INET_H 1
| #define HAVE_LIBINTL_H 1
| #define HAVE_NETDB_H 1
| #define HAVE_NETINET_IN_H 1
| #define HAVE_STDLIB_H 1
| #define HAVE_STRING_H 1
| #define HAVE_STRINGS_H 1
| #define HAVE_SYS_SOCKET_H 1
| #define HAVE_SYS_TIME_H 1
| #define HAVE_SYSLOG_H 1
| #define HAVE_UNISTD_H 1
| #define HAVE_SIGNAL_H 1
| #define HAVE_SSIZE_T 1
| #define TIME_WITH_SYS_TIME 1
| #define Socklen_t socklen_t
| #define HAVE_FORK 1
| #define HAVE_VFORK 1
| #define HAVE_WORKING_VFORK 1
| #define HAVE_WORKING_FORK 1
| #define HAVE_SYS_SELECT_H 1
| #define HAVE_SYS_SOCKET_H 1
| #define SELECT_TYPE_ARG1 int
| #define SELECT_TYPE_ARG234 (fd_set *)
| #define SELECT_TYPE_ARG5 (struct timeval *)
| #define RETSIGTYPE void
| #define HAVE_STRFTIME 1
| #define HAVE_VPRINTF 1
| #define HAVE_ATEXIT 1
| #define HAVE_MEMSET 1
| #define HAVE_SELECT 1
| #define HAVE_STRCHR 1
| #define HAVE_STRERROR 1
| #define HAVE_STRTOL 1
| #define HAVE_STRTOLL 1
| #define HAVE_USLEEP 1
| #define HAVE_CLOCK_GETTIME 1
| #define HAVE_SCHED_SETSCHEDULER 1
| #define HAVE_MLOCKALL 1
| #define HAVE_SETITIMER 1
| #define HAVE_NANOSLEEP 1
| #define HAVE_SNPRINTF 1
| #define HAVE_INET_PTON 1
| #define HAVE_INET_NTOP 1
| #define HAVE_GETTIMEOFDAY 1
| #define HAVE_DECL_ENOBUFS 1
| #define HAVE_DECL_EWOULDBLOCK 1
| #define HAVE_DECL_SO_TIMESTAMP 1
| #define HAVE_DECL_SO_SNDTIMEO 1
| #define HAVE_DECL_CPU_SET 1
| #define HAVE_DECL_SIGALRM 1
| #define HAVE_STRUCT_TCP_INFO_TCPI_TOTAL_RETRANS 1
| #define HAVE_QUAD_SUPPORT 1
| #define SIZEOF_BOOL 0
| #define bool int
| #define HAVE_STRUCT_IP_MREQ 1
| #define HAVE_DECL_IP_ADD_MEMBERSHIP 1
| #define HAVE_MULTICAST 1
| #define HAVE_STRUCT_SOCKADDR_STORAGE 1
| #define HAVE_STRUCT_SOCKADDR_IN6 1
| #define HAVE_DECL_AF_INET6 1
| #define HAVE_IPV6 1
| /* end confdefs.h.  */
| #include "./compat/headers_slim.h"
| 
| int
| main ()
| {
| if (sizeof ((struct ipv6_mreq)))
| 	    return 0;
|   ;
|   return 0;
| }
configure:7860: result: yes
configure:7871: checking whether IPV6_ADD_MEMBERSHIP is declared
configure:7871: gcc -c  -O2   conftest.c >&5
configure:7871: $? = 0
configure:7871: result: yes
configure:7883: checking whether IPV6_MULTICAST_HOPS is declared
configure:7883: gcc -c  -O2   conftest.c >&5
configure:7883: $? = 0
configure:7883: result: yes
configure:7895: checking for IPv6 multicast support
configure:7908: result: yes
configure:8047: checking whether make is GNU make
configure:8054: result: yes
configure:8177: checking that generated files are newer than configure
configure:8183: result: done
configure:8215: creating ./config.status

## ---------------------- ##
## Running config.status. ##
## ---------------------- ##

This file was extended by Iperf config.status 2.0.10, which was
generated by GNU Autoconf 2.69.  Invocation command line was

  CONFIG_FILES    = 
  CONFIG_HEADERS  = 
  CONFIG_LINKS    = 
  CONFIG_COMMANDS = 
  $ ./config.status 

on Thinksta

config.status:975: creating Makefile
config.status:975: creating compat/Makefile
config.status:975: creating doc/Makefile
config.status:975: creating include/Makefile
config.status:975: creating src/Makefile
config.status:975: creating man/Makefile
config.status:975: creating config.h
config.status:1204: executing depfiles commands
config.status:1204: executing include/iperf-int.h commands
config.status:1305: creating include/iperf-int.h : _IPERF_INCLUDE_IPERF_INT_H

## ---------------- ##
## Cache variables. ##
## ---------------- ##

ac_cv_accept_arg=socklen_t
ac_cv_build=x86_64-unknown-linux-gnu
ac_cv_c_bigendian=no
ac_cv_c_compiler_gnu=yes
ac_cv_c_const=yes
ac_cv_cxx_compiler_gnu=yes
ac_cv_env_CCC_set=
ac_cv_env_CCC_value=
ac_cv_env_CC_set=
ac_cv_env_CC_value=
ac_cv_env_CFLAGS_set=
ac_cv_env_CFLAGS_value=
ac_cv_env_CPPFLAGS_set=
ac_cv_env_CPPFLAGS_value=
ac_cv_env_CPP_set=
ac_cv_env_CPP_value=
ac_cv_env_CXXFLAGS_set=
ac_cv_env_CXXFLAGS_value=
ac_cv_env_CXX_set=
ac_cv_env_CXX_value=
ac_cv_env_LDFLAGS_set=
ac_cv_env_LDFLAGS_value=
ac_cv_env_LIBS_set=
ac_cv_env_LIBS_value=
ac_cv_env_build_alias_set=
ac_cv_env_build_alias_value=
ac_cv_env_host_alias_set=
ac_cv_env_host_alias_value=
ac_cv_env_target_alias_set=
ac_cv_env_target_alias_value=
ac_cv_func__doprnt=no
ac_cv_func_atexit=yes
ac_cv_func_clock_gettime=yes
ac_cv_func_fork=yes
ac_cv_func_fork_works=yes
ac_cv_func_gettimeofday=yes
ac_cv_func_inet_ntop=yes
ac_cv_func_inet_pton=yes
ac_cv_func_memcmp_working=yes
ac_cv_func_memset=yes
ac_cv_func_mlockall=yes
ac_cv_func_nanosleep=yes
ac_cv_func_pthread_cancel=no
ac_cv_func_sched_setscheduler=yes
ac_cv_func_select=yes
ac_cv_func_select_args='int,fd_set *,struct timeval *'
ac_cv_func_setitimer=yes
ac_cv_func_snprintf=yes
ac_cv_func_strchr=yes
ac_cv_func_strerror=yes
ac_cv_func_strftime=yes
ac_cv_func_strtol=yes
ac_cv_func_strtoll=yes
ac_cv_func_usleep=yes
ac_cv_func_vfork=yes
ac_cv_func_vfork_works=yes
ac_cv_func_vprintf=yes
ac_cv_have_decl_AF_INET6=yes
ac_cv_have_decl_CPU_SET=yes
ac_cv_have_decl_ENOBUFS=yes
ac_cv_have_decl_EWOULDBLOCK=yes
ac_cv_have_decl_IPV6_ADD_MEMBERSHIP=yes
ac_cv_have_decl_IPV6_MULTICAST_HOPS=yes
ac_cv_have_decl_IP_ADD_MEMBERSHIP=yes
ac_cv_have_decl_SIGALRM=yes
ac_cv_have_decl_SO_SNDTIMEO=yes
ac_cv_have_decl_SO_TIMESTAMP=yes
ac_cv_have_ipv6=yes
ac_cv_have_ipv6_multicast=yes
ac_cv_have_true=yes
ac_cv_header_arpa_inet_h=yes
ac_cv_header_inttypes_h=yes
ac_cv_header_libintl_h=yes
ac_cv_header_memory_h=yes
ac_cv_header_netdb_h=yes
ac_cv_header_netinet_in_h=yes
ac_cv_header_signal_h=yes
ac_cv_header_stdc=yes
ac_cv_header_stdint=stdint.h
ac_cv_header_stdint_h=yes
ac_cv_header_stdint_t=stdint.h
ac_cv_header_stdlib_h=yes
ac_cv_header_string_h=yes
ac_cv_header_strings_h=yes
ac_cv_header_sys_select_h=yes
ac_cv_header_sys_socket_h=yes
ac_cv_header_sys_stat_h=yes
ac_cv_header_sys_time_h=yes
ac_cv_header_sys_types_h=yes
ac_cv_header_syslog_h=yes
ac_cv_header_time=yes
ac_cv_header_unistd_h=yes
ac_cv_header_vfork_h=no
ac_cv_host=x86_64-unknown-linux-gnu
ac_cv_lib_rt_clock_gettime=yes
ac_cv_member_struct_tcp_info_tcpi_total_retrans=yes
ac_cv_multicast=yes
ac_cv_objext=o
ac_cv_path_EGREP='/bin/grep -E'
ac_cv_path_GREP=/bin/grep
ac_cv_path_install='/usr/bin/install -c'
ac_cv_path_mkdir=/bin/mkdir
ac_cv_prog_AWK=gawk
ac_cv_prog_CPP='gcc -E'
ac_cv_prog_PTHREAD_CC=gcc
ac_cv_prog_ac_ct_CC=gcc
ac_cv_prog_ac_ct_CXX=g++
ac_cv_prog_ac_ct_RANLIB=ranlib
ac_cv_prog_cc_c89=
ac_cv_prog_cc_g=yes
ac_cv_prog_cxx_g=yes
ac_cv_prog_make_make_set=yes
ac_cv_search_gethostbyname='none required'
ac_cv_search_socket='none required'
ac_cv_search_strerror='none required'
ac_cv_sizeof_bool=0
ac_cv_stdint_message='using gnu compiler gcc (Ubuntu 7.3.0-27ubuntu1~18.04) 7.3.0'
ac_cv_stdint_result='(assuming C99 compatible system)'
ac_cv_struct_tm=time.h
ac_cv_type_pid_t=yes
ac_cv_type_signal=void
ac_cv_type_size_t=yes
ac_cv_type_ssize_t=yes
ac_cv_type_struct_ip_mreq=yes
ac_cv_type_struct_ipv6_mreq=yes
ac_cv_type_struct_sockaddr_in6=yes
ac_cv_type_struct_sockaddr_storage=yes
am_cv_CC_dependencies_compiler_type=gcc3
am_cv_CXX_dependencies_compiler_type=gcc3
am_cv_make_support_nested_variables=yes
am_cv_prog_cc_c_o=yes

## ----------------- ##
## Output variables. ##
## ----------------- ##

ACLOCAL='${SHELL} /home/tykim/iperf2.10_source/iperf-2.0.10/missing aclocal-1.15'
AMDEPBACKSLASH='\'
AMDEP_FALSE='#'
AMDEP_TRUE=''
AMTAR='$${TAR-tar}'
AM_BACKSLASH='\'
AM_DEFAULT_V='$(AM_DEFAULT_VERBOSITY)'
AM_DEFAULT_VERBOSITY='1'
AM_V='$(V)'
AUTOCONF='${SHELL} /home/tykim/iperf2.10_source/iperf-2.0.10/missing autoconf'
AUTOHEADER='${SHELL} /home/tykim/iperf2.10_source/iperf-2.0.10/missing autoheader'
AUTOMAKE='${SHELL} /home/tykim/iperf2.10_source/iperf-2.0.10/missing automake-1.15'
AWK='gawk'
CC='gcc'
CCDEPMODE='depmode=gcc3'
CFLAGS=' -O2 '
CPP='gcc -E'
CPPFLAGS=''
CXX='g++'
CXXDEPMODE='depmode=gcc3'
CXXFLAGS=' -O2 '
CYGPATH_W='echo'
DEFS='-DHAVE_CONFIG_H'
DEPDIR='.deps'
ECHO_C=''
ECHO_N='-n'
ECHO_T=''
EGREP='/bin/grep -E'
EXEEXT=''
GREP='/bin/grep'
INSTALL_DATA='${INSTALL} -m 644'
INSTALL_PROGRAM='${INSTALL}'
INSTALL_SCRIPT='${INSTALL}'
INSTALL_STRIP_PROGRAM='$(install_sh) -c -s'
LDFLAGS=''
LIBOBJS=''
LIBS='-lrt '
LTLIBOBJS=''
MAINT='#'
MAINTAINER_MODE_FALSE=''
MAINTAINER_MODE_TRUE='#'
MAKEINFO='${SHELL} /home/tykim/iperf2.10_source/iperf-2.0.10/missing makeinfo'
MKDIR_P='/bin/mkdir -p'
OBJEXT='o'
PACKAGE='iperf'
PACKAGE_BUGREPORT=''
PACKAGE_NAME='Iperf'
PACKAGE_STRING='Iperf 2.0.10'
PACKAGE_TARNAME='iperf'
PACKAGE_URL=''
PACKAGE_VERSION='2.0.10'
PATH_SEPARATOR=':'
PTHREAD_CC='gcc'
PTHREAD_CFLAGS='-pthread'
PTHREAD_LIBS=''
RANLIB='ranlib'
SET_MAKE=''
SHELL='/bin/bash'
STRIP=''
STRIP_BEGIN='$(strip $(STRIP_DUMMY)'
STRIP_DUMMY=''
STRIP_END=')'
VERSION='2.0.10'
WEB100_CFLAGS=''
WEB100_CONFIG=''
WEB100_LIBS=''
ac_ct_CC='gcc'
ac_ct_CXX='g++'
acx_pthread_config=''
am__EXEEXT_FALSE=''
am__EXEEXT_TRUE='#'
am__fastdepCC_FALSE='#'
am__fastdepCC_TRUE=''
am__fastdepCXX_FALSE='#'
am__fastdepCXX_TRUE=''
am__include='include'
am__isrc=''
am__leading_dot='.'
am__nodep='_no'
am__quote=''
am__tar='$${TAR-tar} chof - "$$tardir"'
am__untar='$${TAR-tar} xf -'
bindir='${exec_prefix}/bin'
build='x86_64-unknown-linux-gnu'
build_alias=''
build_cpu='x86_64'
build_os='linux-gnu'
build_vendor='unknown'
datadir='${datarootdir}'
datarootdir='${prefix}/share'
docdir='${datarootdir}/doc/${PACKAGE_TARNAME}'
dvidir='${docdir}'
exec_prefix='${prefix}'
host='x86_64-unknown-linux-gnu'
host_alias=''
host_cpu='x86_64'
host_os='linux-gnu'
host_vendor='unknown'
htmldir='${docdir}'
includedir='${prefix}/include'
infodir='${datarootdir}/info'
install_sh='${SHELL} /home/tykim/iperf2.10_source/iperf-2.0.10/install-sh'
libdir='${exec_prefix}/lib'
libexecdir='${exec_prefix}/libexec'
localedir='${datarootdir}/locale'
localstatedir='${prefix}/var'
mandir='${datarootdir}/man'
mkdir_p='$(MKDIR_P)'
oldincludedir='/usr/include'
pdfdir='${docdir}'
prefix='/usr/local'
program_transform_name='s,x,x,'
psdir='${docdir}'
sbindir='${exec_prefix}/sbin'
sharedstatedir='${prefix}/com'
sysconfdir='${prefix}/etc'
target_alias=''

## ----------- ##
## confdefs.h. ##
## ----------- ##

/* confdefs.h */
#define PACKAGE_NAME "Iperf"
#define PACKAGE_TARNAME "iperf"
#define PACKAGE_VERSION "2.0.10"
#define PACKAGE_STRING "Iperf 2.0.10"
#define PACKAGE_BUGREPORT ""
#define PACKAGE_URL ""
#define PACKAGE "iperf"
#define VERSION "2.0.10"
#define HAVE_LIBRT 1
#define HAVE_PTHREAD 1
#define HAVE_POSIX_THREAD 1
#define _REENTRANT 1
#define STDC_HEADERS 1
#define HAVE_SYS_TYPES_H 1
#define HAVE_SYS_STAT_H 1
#define HAVE_STDLIB_H 1
#define HAVE_STRING_H 1
#define HAVE_MEMORY_H 1
#define HAVE_STRINGS_H 1
#define HAVE_INTTYPES_H 1
#define HAVE_STDINT_H 1
#define HAVE_UNISTD_H 1
#define HAVE_ARPA_INET_H 1
#define HAVE_LIBINTL_H 1
#define HAVE_NETDB_H 1
#define HAVE_NETINET_IN_H 1
#define HAVE_STDLIB_H 1
#define HAVE_STRING_H 1
#define HAVE_STRINGS_H 1
#define HAVE_SYS_SOCKET_H 1
#define HAVE_SYS_TIME_H 1
#define HAVE_SYSLOG_H 1
#define HAVE_UNISTD_H 1
#define HAVE_SIGNAL_H 1
#define HAVE_SSIZE_T 1
#define TIME_WITH_SYS_TIME 1
#define Socklen_t socklen_t
#define HAVE_FORK 1
#define HAVE_VFORK 1
#define HAVE_WORKING_VFORK 1
#define HAVE_WORKING_FORK 1
#define HAVE_SYS_SELECT_H 1
#define HAVE_SYS_SOCKET_H 1
#define SELECT_TYPE_ARG1 int
#define SELECT_TYPE_ARG234 (fd_set *)
#define SELECT_TYPE_ARG5 (struct timeval *)
#define RETSIGTYPE void
#define HAVE_STRFTIME 1
#define HAVE_VPRINTF 1
#define HAVE_ATEXIT 1
#define HAVE_MEMSET 1
#define HAVE_SELECT 1
#define HAVE_STRCHR 1
#define HAVE_STRERROR 1
#define HAVE_STRTOL 1
#define HAVE_STRTOLL 1
#define HAVE_USLEEP 1
#define HAVE_CLOCK_GETTIME 1
#define HAVE_SCHED_SETSCHEDULER 1
#define HAVE_MLOCKALL 1
#define HAVE_SETITIMER 1
#define HAVE_NANOSLEEP 1
#define HAVE_SNPRINTF 1
#define HAVE_INET_PTON 1
#define HAVE_INET_NTOP 1
#define HAVE_GETTIMEOFDAY 1
#define HAVE_DECL_ENOBUFS 1
#define HAVE_DECL_EWOULDBLOCK 1
#define HAVE_DECL_SO_TIMESTAMP 1
#define HAVE_DECL_SO_SNDTIMEO 1
#define HAVE_DECL_CPU_SET 1
#define HAVE_DECL_SIGALRM 1
#define HAVE_STRUCT_TCP_INFO_TCPI_TOTAL_RETRANS 1
#define HAVE_QUAD_SUPPORT 1
#define SIZEOF_BOOL 0
#define bool int
#define HAVE_STRUCT_IP_MREQ 1
#define HAVE_DECL_IP_ADD_MEMBERSHIP 1
#define HAVE_MULTICAST 1
#define HAVE_STRUCT_SOCKADDR_STORAGE 1
#define HAVE_STRUCT_SOCKADDR_IN6 1
#define HAVE_DECL_AF_INET6 1
#define HAVE_IPV6 1
#define HAVE_STRUCT_IPV6_MREQ 1
#define HAVE_DECL_IPV6_ADD_MEMBERSHIP 1
#define HAVE_DECL_IPV6_MULTICAST_HOPS 1
#define HAVE_IPV6_MULTICAST 1
#define HAVE_KALMAN 1
#define HAVE_SEQNO64b 1

configure: exit 0
